Unity Editor version:    2021.3.5f1c1 (23e20ff61267)
Branch:                  2021.3/china_unity/release
Build type:              Release
Batch mode:              YES
macOS version:           Version 12.1 (Build 21C52)
Darwin version:          21.2.0
Architecture:            arm64
Running under Rosetta:   NO
Available memory:        32768 MB
Using pre-set license
Pro License: YES

COMMAND LINE ARGUMENTS:
/Applications/Unity/Hub/Editor/2021.3.5f1c1/Unity.app/Contents/MacOS/Unity
-adb2
-batchMode
-noUpm
-name
AssetImportWorker0
-projectPath
/Users/liyang/work/project/HollowKnightTutorial_UnityBaseProject
-logFile
Logs/AssetImportWorker0.log
-srvPort
51968
Successfully changed project path to: /Users/liyang/work/project/HollowKnightTutorial_UnityBaseProject
/Users/liyang/work/project/HollowKnightTutorial_UnityBaseProject
[UnityMemory] Configuration Parameters - Can be set up in boot.config
    "memorysetup-bucket-allocator-granularity=16"
    "memorysetup-bucket-allocator-bucket-count=8"
    "memorysetup-bucket-allocator-block-size=33554432"
    "memorysetup-bucket-allocator-block-count=8"
    "memorysetup-main-allocator-block-size=16777216"
    "memorysetup-thread-allocator-block-size=16777216"
    "memorysetup-gfx-main-allocator-block-size=16777216"
    "memorysetup-gfx-thread-allocator-block-size=16777216"
    "memorysetup-cache-allocator-block-size=4194304"
    "memorysetup-typetree-allocator-block-size=2097152"
    "memorysetup-profiler-bucket-allocator-granularity=16"
    "memorysetup-profiler-bucket-allocator-bucket-count=8"
    "memorysetup-profiler-bucket-allocator-block-size=33554432"
    "memorysetup-profiler-bucket-allocator-block-count=8"
    "memorysetup-profiler-allocator-block-size=16777216"
    "memorysetup-profiler-editor-allocator-block-size=1048576"
    "memorysetup-temp-allocator-size-main=16777216"
    "memorysetup-job-temp-allocator-block-size=2097152"
    "memorysetup-job-temp-allocator-block-size-background=1048576"
    "memorysetup-job-temp-allocator-reduction-small-platforms=262144"
    "memorysetup-temp-allocator-size-background-worker=32768"
    "memorysetup-temp-allocator-size-job-worker=262144"
    "memorysetup-temp-allocator-size-preload-manager=33554432"
    "memorysetup-temp-allocator-size-nav-mesh-worker=65536"
    "memorysetup-temp-allocator-size-audio-worker=65536"
    "memorysetup-temp-allocator-size-cloud-worker=32768"
    "memorysetup-temp-allocator-size-gi-baking-worker=262144"
    "memorysetup-temp-allocator-size-gfx=262144"
AS: AutoStreaming module initializing.
Refreshing native plugins compatible for Editor in 39.31 ms, found 3 plugins.
Preloading 0 native plugins for Editor in 0.00 ms.
Initialize engine version: 2021.3.5f1c1 (23e20ff61267)
[Subsystems] Discovering subsystems at path /Applications/Unity/Hub/Editor/2021.3.5f1c1/Unity.app/Contents/Resources/UnitySubsystems
[Subsystems] Discovering subsystems at path /Users/liyang/work/project/HollowKnightTutorial_UnityBaseProject/Assets
GfxDevice: creating device client; threaded=0; jobified=0
 preferred device: Apple M1 Pro (high power)
Metal devices available: 1
0: Apple M1 Pro (high power)
Using device Apple M1 Pro (high power)
Initializing Metal device caps: Apple M1 Pro
Shader 'TextMeshPro/Distance Field': fallback shader 'TextMeshPro/Mobile/Distance Field' not found
Shader 'TextMeshPro/Distance Field SSD': fallback shader 'TextMeshPro/Mobile/Distance Field' not found
Shader 'TextMeshPro/Distance Field Overlay': fallback shader 'TextMeshPro/Mobile/Distance Field' not found
Initialize mono
Mono path[0] = '/Applications/Unity/Hub/Editor/2021.3.5f1c1/Unity.app/Contents/Managed'
Mono path[1] = '/Applications/Unity/Hub/Editor/2021.3.5f1c1/Unity.app/Contents/MonoBleedingEdge/lib/mono/unityjit-macos'
Mono config path = '/Applications/Unity/Hub/Editor/2021.3.5f1c1/Unity.app/Contents/MonoBleedingEdge/etc'
Using monoOptions --debugger-agent=transport=dt_socket,embedding=1,server=y,suspend=n,address=127.0.0.1:56459
Begin MonoManager ReloadAssembly
Registering precompiled unity dll's ...
Register platform support module: /Applications/Unity/Hub/Editor/2021.3.5f1c1/Unity.app/Contents/PlaybackEngines/MacStandaloneSupport/UnityEditor.OSXStandalone.Extensions.dll
Registered in 0.001805 seconds.
Native extension for OSXStandalone target not found
Refreshing native plugins compatible for Editor in 36.32 ms, found 3 plugins.
Preloading 0 native plugins for Editor in 0.00 ms.
Mono: successfully reloaded assembly
- Completed reload, in  0.360 seconds
Domain Reload Profiling:
	ReloadAssembly (361ms)
		BeginReloadAssembly (44ms)
			ExecutionOrderSort (0ms)
			DisableScriptedObjects (0ms)
			BackupInstance (0ms)
			ReleaseScriptingObjects (0ms)
			CreateAndSetChildDomain (0ms)
		EndReloadAssembly (250ms)
			LoadAssemblies (44ms)
			RebuildTransferFunctionScriptingTraits (0ms)
			SetupTypeCache (65ms)
			ReleaseScriptCaches (0ms)
			RebuildScriptCaches (19ms)
			SetupLoadedEditorAssemblies (139ms)
				LogAssemblyErrors (0ms)
				InitializePlatformSupportModulesInManaged (3ms)
				SetLoadedEditorAssemblies (0ms)
				RefreshPlugins (36ms)
				BeforeProcessingInitializeOnLoad (1ms)
				ProcessInitializeOnLoadAttributes (74ms)
				ProcessInitializeOnLoadMethodAttributes (24ms)
				AfterProcessingInitializeOnLoad (0ms)
				EditorAssembliesLoaded (0ms)
			ExecutionOrderSort2 (0ms)
			AwakeInstancesAfterBackupRestoration (0ms)
Platform modules already initialized, skipping
Registering precompiled user dll's ...
Registered in 0.002122 seconds.
Begin MonoManager ReloadAssembly
Native extension for OSXStandalone target not found
Refreshing native plugins compatible for Editor in 36.34 ms, found 3 plugins.
Preloading 0 native plugins for Editor in 0.00 ms.
Mono: successfully reloaded assembly
- Completed reload, in  0.592 seconds
Domain Reload Profiling:
	ReloadAssembly (592ms)
		BeginReloadAssembly (54ms)
			ExecutionOrderSort (0ms)
			DisableScriptedObjects (3ms)
			BackupInstance (0ms)
			ReleaseScriptingObjects (0ms)
			CreateAndSetChildDomain (12ms)
		EndReloadAssembly (470ms)
			LoadAssemblies (39ms)
			RebuildTransferFunctionScriptingTraits (0ms)
			SetupTypeCache (128ms)
			ReleaseScriptCaches (0ms)
			RebuildScriptCaches (35ms)
			SetupLoadedEditorAssemblies (236ms)
				LogAssemblyErrors (0ms)
				InitializePlatformSupportModulesInManaged (2ms)
				SetLoadedEditorAssemblies (0ms)
				RefreshPlugins (36ms)
				BeforeProcessingInitializeOnLoad (44ms)
				ProcessInitializeOnLoadAttributes (130ms)
				ProcessInitializeOnLoadMethodAttributes (24ms)
				AfterProcessingInitializeOnLoad (1ms)
				EditorAssembliesLoaded (0ms)
			ExecutionOrderSort2 (0ms)
			AwakeInstancesAfterBackupRestoration (2ms)
Platform modules already initialized, skipping
========================================================================
Worker process is ready to serve import requests
Launching external process: /Applications/Unity/Hub/Editor/2021.3.5f1c1/Unity.app/Contents/Tools/UnityShaderCompiler
Launched and connected shader compiler UnityShaderCompiler after 0.04 seconds
Refreshing native plugins compatible for Editor in 0.38 ms, found 3 plugins.
Preloading 0 native plugins for Editor in 0.00 ms.
Unloading 3123 Unused Serialized files (Serialized files now loaded: 0)
Unloading 37 unused Assets / (43.2 KB). Loaded Objects now: 3612.
Memory consumption went from 233.8 MB to 233.8 MB.
Total: 2.404834 ms (FindLiveObjects: 0.122209 ms CreateObjectMapping: 0.067291 ms MarkObjects: 2.172750 ms  DeleteObjects: 0.042292 ms)

AssetImportParameters requested are different than current active one (requested -> active):
  custom:video-decoder-ogg-theora: a1e56fd34408186e4bbccfd4996cb3dc -> 
  custom:container-muxer-webm: aa71ff27fc2769a1b78a27578f13a17b -> 
  custom:container-demuxer-webm: 4f35f7cbe854078d1ac9338744f61a02 -> 
  custom:video-encoder-webm-vp8: eb34c28f22e8b96e1ab97ce403110664 -> 
  custom:framework-osx-AVFoundation: e770b220cccbd017edd2c1fefb359320 -> 
  custom:audio-encoder-webm-vorbis: bf7c407c2cedff20999df2af8eb42d56 -> 
  custom:container-demuxer-ogg: 62fdf1f143b41e24485cea50d1cbac27 -> 
  custom:video-decoder-webm-vp8: 9c59270c3fd7afecdb556c50c9e8de78 -> 
  custom:audio-decoder-ogg-vorbis: bf7c407c2cedff20999df2af8eb42d56 -> 
========================================================================
Received Prepare
Registering precompiled user dll's ...
Registered in 0.001988 seconds.
Begin MonoManager ReloadAssembly
Thread 0x17e75f000 may have been prematurely finalized
Native extension for OSXStandalone target not found
Refreshing native plugins compatible for Editor in 0.40 ms, found 3 plugins.
Preloading 0 native plugins for Editor in 0.00 ms.
Mono: successfully reloaded assembly
- Completed reload, in  0.531 seconds
Domain Reload Profiling:
	ReloadAssembly (532ms)
		BeginReloadAssembly (67ms)
			ExecutionOrderSort (0ms)
			DisableScriptedObjects (4ms)
			BackupInstance (0ms)
			ReleaseScriptingObjects (0ms)
			CreateAndSetChildDomain (20ms)
		EndReloadAssembly (408ms)
			LoadAssemblies (31ms)
			RebuildTransferFunctionScriptingTraits (0ms)
			SetupTypeCache (127ms)
			ReleaseScriptCaches (1ms)
			RebuildScriptCaches (30ms)
			SetupLoadedEditorAssemblies (185ms)
				LogAssemblyErrors (0ms)
				InitializePlatformSupportModulesInManaged (5ms)
				SetLoadedEditorAssemblies (0ms)
				RefreshPlugins (0ms)
				BeforeProcessingInitializeOnLoad (33ms)
				ProcessInitializeOnLoadAttributes (122ms)
				ProcessInitializeOnLoadMethodAttributes (23ms)
				AfterProcessingInitializeOnLoad (1ms)
				EditorAssembliesLoaded (0ms)
			ExecutionOrderSort2 (0ms)
			AwakeInstancesAfterBackupRestoration (4ms)
Platform modules already initialized, skipping
Refreshing native plugins compatible for Editor in 0.88 ms, found 3 plugins.
Preloading 0 native plugins for Editor in 0.00 ms.
Unloading 3095 Unused Serialized files (Serialized files now loaded: 0)
Unloading 24 unused Assets / (22.0 KB). Loaded Objects now: 3615.
Memory consumption went from 231.6 MB to 231.6 MB.
Total: 2.316125 ms (FindLiveObjects: 0.110667 ms CreateObjectMapping: 0.060416 ms MarkObjects: 2.131084 ms  DeleteObjects: 0.013416 ms)

AssetImportParameters requested are different than current active one (requested -> active):
  custom:video-decoder-ogg-theora: a1e56fd34408186e4bbccfd4996cb3dc -> 
  custom:container-muxer-webm: aa71ff27fc2769a1b78a27578f13a17b -> 
  custom:container-demuxer-webm: 4f35f7cbe854078d1ac9338744f61a02 -> 
  custom:video-encoder-webm-vp8: eb34c28f22e8b96e1ab97ce403110664 -> 
  custom:framework-osx-AVFoundation: e770b220cccbd017edd2c1fefb359320 -> 
  custom:audio-encoder-webm-vorbis: bf7c407c2cedff20999df2af8eb42d56 -> 
  custom:container-demuxer-ogg: 62fdf1f143b41e24485cea50d1cbac27 -> 
  custom:video-decoder-webm-vp8: 9c59270c3fd7afecdb556c50c9e8de78 -> 
  custom:audio-decoder-ogg-vorbis: bf7c407c2cedff20999df2af8eb42d56 -> 
========================================================================
Received Import Request.
  Time since last request: 29642.066841 seconds.
  path: Assets/Scenes/False Knight Boss Scene.unity
  artifactKey: Guid(2cda990e2423bbf4892e6590ba056729) Importer(815301076,1909f56bfc062723c751e8b465ee728b)
Start importing Assets/Scenes/False Knight Boss Scene.unity using Guid(2cda990e2423bbf4892e6590ba056729) Importer(815301076,1909f56bfc062723c751e8b465ee728b)  -> (artifact id: 'bb7bd34eb2514fbb17532173f855dfb6') in 0.003911 seconds 
========================================================================
Received Import Request.
  Time since last request: 296.473072 seconds.
  path: Assets/Core/Character/Sprites/K-Run.anim
  artifactKey: Guid(d59e2974acbe2be489feffa2a98cd3da) Importer(815301076,1909f56bfc062723c751e8b465ee728b)
Start importing Assets/Core/Character/Sprites/K-Run.anim using Guid(d59e2974acbe2be489feffa2a98cd3da) Importer(815301076,1909f56bfc062723c751e8b465ee728b)  -> (artifact id: '789f107f229516436377847e2d3ae950') in 0.037727 seconds 
========================================================================
Received Import Request.
  Time since last request: 0.501963 seconds.
  path: Assets/Core/Character/Sprites/k-run.png
  artifactKey: Guid(e05928f920d278c47af846889a9d0038) Importer(815301076,1909f56bfc062723c751e8b465ee728b)
Start importing Assets/Core/Character/Sprites/k-run.png using Guid(e05928f920d278c47af846889a9d0038) Importer(815301076,1909f56bfc062723c751e8b465ee728b)  -> (artifact id: '02fae92d1c8b6397545dfa495dca6aad') in 0.601806 seconds 
========================================================================
Received Import Request.
  Time since last request: 18.406984 seconds.
  path: Assets/Core/Character/Sprites/Player Anim.controller
  artifactKey: Guid(0c67b1f4818f3694ab836294e3466cc8) Importer(815301076,1909f56bfc062723c751e8b465ee728b)
Start importing Assets/Core/Character/Sprites/Player Anim.controller using Guid(0c67b1f4818f3694ab836294e3466cc8) Importer(815301076,1909f56bfc062723c751e8b465ee728b)  -> (artifact id: 'ae3d2b6a563b810fd4514d5fb6cac63f') in 0.027029 seconds 
========================================================================
Received Import Request.
  Time since last request: 2.388198 seconds.
  path: Assets/Core/Character/Sprites/k-jump.png
  artifactKey: Guid(c9fac39e732d86e4bbeda160f238aeef) Importer(815301076,1909f56bfc062723c751e8b465ee728b)
Start importing Assets/Core/Character/Sprites/k-jump.png using Guid(c9fac39e732d86e4bbeda160f238aeef) Importer(815301076,1909f56bfc062723c751e8b465ee728b)  -> (artifact id: '8ada7b6c28183eb5ffd90d0dc5995ba6') in 0.073770 seconds 
========================================================================
Received Import Request.
  Time since last request: 0.711852 seconds.
  path: Assets/Core/Character/Sprites/K-Jump.anim
  artifactKey: Guid(69ce7beae58416140b72a57b0221d435) Importer(815301076,1909f56bfc062723c751e8b465ee728b)
Start importing Assets/Core/Character/Sprites/K-Jump.anim using Guid(69ce7beae58416140b72a57b0221d435) Importer(815301076,1909f56bfc062723c751e8b465ee728b)  -> (artifact id: '212c70ae33db47779fa7f04f69a085b8') in 0.002082 seconds 
========================================================================
Received Import Request.
  Time since last request: 2.289104 seconds.
  path: Assets/Core/Character/Sprites/k-idle.png
  artifactKey: Guid(18e26d3e855b51746acd602ad8537644) Importer(815301076,1909f56bfc062723c751e8b465ee728b)
Start importing Assets/Core/Character/Sprites/k-idle.png using Guid(18e26d3e855b51746acd602ad8537644) Importer(815301076,1909f56bfc062723c751e8b465ee728b)  -> (artifact id: 'be7ae855b5984f2c9d9e0425d168d9f7') in 0.012278 seconds 
========================================================================
Received Import Request.
  Time since last request: 2.651985 seconds.
  path: Assets/Core/Character/Sprites/K-Idle.anim
  artifactKey: Guid(e93f30f0d2f6f394eb0243de6f2844fb) Importer(815301076,1909f56bfc062723c751e8b465ee728b)
Start importing Assets/Core/Character/Sprites/K-Idle.anim using Guid(e93f30f0d2f6f394eb0243de6f2844fb) Importer(815301076,1909f56bfc062723c751e8b465ee728b)  -> (artifact id: 'd51f8712921bde2bc980ca6ca9c20e7c') in 0.002772 seconds 
========================================================================
Received Import Request.
  Time since last request: 0.215698 seconds.
  path: Assets/Core/Character/Sprites/k-attack.png
  artifactKey: Guid(0208b3a971c48fa46a607674b3cd7267) Importer(815301076,1909f56bfc062723c751e8b465ee728b)
Start importing Assets/Core/Character/Sprites/k-attack.png using Guid(0208b3a971c48fa46a607674b3cd7267) Importer(815301076,1909f56bfc062723c751e8b465ee728b)  -> (artifact id: '74dc2dcf6f1ac0404c386ac635c597bd') in 0.027022 seconds 
========================================================================
Received Import Request.
  Time since last request: 3.597623 seconds.
  path: Assets/Core/Character/Sprites/K-Attack.anim
  artifactKey: Guid(66082a999609806478bcb420bce0327b) Importer(815301076,1909f56bfc062723c751e8b465ee728b)
Start importing Assets/Core/Character/Sprites/K-Attack.anim using Guid(66082a999609806478bcb420bce0327b) Importer(815301076,1909f56bfc062723c751e8b465ee728b)  -> (artifact id: 'c8027114211867e61e11044ebebfa6d8') in 0.002215 seconds 
========================================================================
Received Import Request.
  Time since last request: 2694.931984 seconds.
  path: Assets/Behavior Designer/Gizmos/Behavior Designer Scene Icon.png
  artifactKey: Guid(5b5f458971c6fd5459c51a7b8079bc3b) Importer(815301076,1909f56bfc062723c751e8b465ee728b)
Start importing Assets/Behavior Designer/Gizmos/Behavior Designer Scene Icon.png using Guid(5b5f458971c6fd5459c51a7b8079bc3b) Importer(815301076,1909f56bfc062723c751e8b465ee728b)  -> (artifact id: '3d33f904b783f5ee9d0246694e636392') in 0.010114 seconds 
========================================================================
Received Import Request.
  Time since last request: 1.311057 seconds.
  path: Assets/Behavior Designer/Gizmos/Behavior Designer Hier Icon.png
  artifactKey: Guid(f011c2328e41d994b83d3c757e68904c) Importer(815301076,1909f56bfc062723c751e8b465ee728b)
Start importing Assets/Behavior Designer/Gizmos/Behavior Designer Hier Icon.png using Guid(f011c2328e41d994b83d3c757e68904c) Importer(815301076,1909f56bfc062723c751e8b465ee728b)  -> (artifact id: '7a541aeb353a5ca98a3d61bb056f8fe5') in 0.006917 seconds 
========================================================================
Received Import Request.
  Time since last request: 241.344953 seconds.
  path: Assets/Effects/Slash/VFX/Models/Slash3_KingdomBuilders_2.fbx
  artifactKey: Guid(445c3f5e4aa70cd488fb8200caec73c1) Importer(815301076,1909f56bfc062723c751e8b465ee728b)
Start importing Assets/Effects/Slash/VFX/Models/Slash3_KingdomBuilders_2.fbx using Guid(445c3f5e4aa70cd488fb8200caec73c1) Importer(815301076,1909f56bfc062723c751e8b465ee728b)  -> (artifact id: '7f1d12219fef89b985fb8d57c424e3e5') in 0.342532 seconds 
========================================================================
Received Prepare
Registering precompiled user dll's ...
Registered in 0.001345 seconds.
Begin MonoManager ReloadAssembly
Thread 0x17e75f000 may have been prematurely finalized
Native extension for OSXStandalone target not found
Refreshing native plugins compatible for Editor in 0.44 ms, found 3 plugins.
Preloading 0 native plugins for Editor in 0.00 ms.
Mono: successfully reloaded assembly
- Completed reload, in  0.546 seconds
Domain Reload Profiling:
	ReloadAssembly (546ms)
		BeginReloadAssembly (72ms)
			ExecutionOrderSort (0ms)
			DisableScriptedObjects (3ms)
			BackupInstance (0ms)
			ReleaseScriptingObjects (0ms)
			CreateAndSetChildDomain (24ms)
		EndReloadAssembly (414ms)
			LoadAssemblies (33ms)
			RebuildTransferFunctionScriptingTraits (0ms)
			SetupTypeCache (129ms)
			ReleaseScriptCaches (1ms)
			RebuildScriptCaches (31ms)
			SetupLoadedEditorAssemblies (187ms)
				LogAssemblyErrors (0ms)
				InitializePlatformSupportModulesInManaged (5ms)
				SetLoadedEditorAssemblies (0ms)
				RefreshPlugins (0ms)
				BeforeProcessingInitializeOnLoad (33ms)
				ProcessInitializeOnLoadAttributes (126ms)
				ProcessInitializeOnLoadMethodAttributes (20ms)
				AfterProcessingInitializeOnLoad (1ms)
				EditorAssembliesLoaded (0ms)
			ExecutionOrderSort2 (0ms)
			AwakeInstancesAfterBackupRestoration (4ms)
Platform modules already initialized, skipping
Refreshing native plugins compatible for Editor in 0.94 ms, found 3 plugins.
Preloading 0 native plugins for Editor in 0.00 ms.
Unloading 3095 Unused Serialized files (Serialized files now loaded: 0)
Unloading 24 unused Assets / (22.0 KB). Loaded Objects now: 3729.
Memory consumption went from 254.5 MB to 254.5 MB.
Total: 2.460542 ms (FindLiveObjects: 0.123333 ms CreateObjectMapping: 0.039042 ms MarkObjects: 2.274250 ms  DeleteObjects: 0.023083 ms)

AssetImportParameters requested are different than current active one (requested -> active):
  custom:video-decoder-ogg-theora: a1e56fd34408186e4bbccfd4996cb3dc -> 
  custom:container-muxer-webm: aa71ff27fc2769a1b78a27578f13a17b -> 
  custom:container-demuxer-webm: 4f35f7cbe854078d1ac9338744f61a02 -> 
  custom:video-encoder-webm-vp8: eb34c28f22e8b96e1ab97ce403110664 -> 
  custom:framework-osx-AVFoundation: e770b220cccbd017edd2c1fefb359320 -> 
  custom:audio-encoder-webm-vorbis: bf7c407c2cedff20999df2af8eb42d56 -> 
  custom:container-demuxer-ogg: 62fdf1f143b41e24485cea50d1cbac27 -> 
  custom:video-decoder-webm-vp8: 9c59270c3fd7afecdb556c50c9e8de78 -> 
  custom:audio-decoder-ogg-vorbis: bf7c407c2cedff20999df2af8eb42d56 -> 
========================================================================
Received Import Request.
  Time since last request: 101.404346 seconds.
  path: Assets/Effects/Smoke/FireSmoke.prefab
  artifactKey: Guid(7920aeaff0f43564c95c55f4aa88ee1e) Importer(815301076,1909f56bfc062723c751e8b465ee728b)
Start importing Assets/Effects/Smoke/FireSmoke.prefab using Guid(7920aeaff0f43564c95c55f4aa88ee1e) Importer(815301076,1909f56bfc062723c751e8b465ee728b)  -> (artifact id: '60c9ee9467eed8d3f22a82722670d397') in 0.094715 seconds 
========================================================================
Received Import Request.
  Time since last request: 1.285159 seconds.
  path: Assets/Effects/Sparks/Glows_Small.prefab
  artifactKey: Guid(0a3a27d2a4fa85742a94dddc6f034ca4) Importer(815301076,1909f56bfc062723c751e8b465ee728b)
Start importing Assets/Effects/Sparks/Glows_Small.prefab using Guid(0a3a27d2a4fa85742a94dddc6f034ca4) Importer(815301076,1909f56bfc062723c751e8b465ee728b)  -> (artifact id: '74744e2b4ba3e8723d140eead2e92f9f') in 0.005433 seconds 
========================================================================
Received Import Request.
  Time since last request: 1.111634 seconds.
  path: Assets/Effects/Explosions/GroundCollapseEffect.prefab
  artifactKey: Guid(22ce039d6400cf6478448c0da28bc491) Importer(815301076,1909f56bfc062723c751e8b465ee728b)
Start importing Assets/Effects/Explosions/GroundCollapseEffect.prefab using Guid(22ce039d6400cf6478448c0da28bc491) Importer(815301076,1909f56bfc062723c751e8b465ee728b)  -> (artifact id: '324b6f41b2a6b03cbc119bc4f926f993') in 0.009218 seconds 
========================================================================
Received Import Request.
  Time since last request: 1.035702 seconds.
  path: Assets/Effects/Smoke/Landing Smoke Big.prefab
  artifactKey: Guid(cff8acd2ebc679d43b10f19ba65b668d) Importer(815301076,1909f56bfc062723c751e8b465ee728b)
Start importing Assets/Effects/Smoke/Landing Smoke Big.prefab using Guid(cff8acd2ebc679d43b10f19ba65b668d) Importer(815301076,1909f56bfc062723c751e8b465ee728b)  -> (artifact id: '8be536d5cab987fc054bf24a89a0ca2d') in 0.041709 seconds 
========================================================================
Received Import Request.
  Time since last request: 1.461094 seconds.
  path: Assets/Effects/Smoke/MushroomSmoke.prefab
  artifactKey: Guid(84c7eaf7e8be2d84f967adac3f61d811) Importer(815301076,1909f56bfc062723c751e8b465ee728b)
Start importing Assets/Effects/Smoke/MushroomSmoke.prefab using Guid(84c7eaf7e8be2d84f967adac3f61d811) Importer(815301076,1909f56bfc062723c751e8b465ee728b)  -> (artifact id: '36f2e0bf4ebc578f661b31ebcd0ffb29') in 0.007703 seconds 
========================================================================
Received Import Request.
  Time since last request: 2.469040 seconds.
  path: Assets/Core/Character/Player.prefab
  artifactKey: Guid(b6aba049213e51e4fb6c1549e4b994df) Importer(815301076,1909f56bfc062723c751e8b465ee728b)
Start importing Assets/Core/Character/Player.prefab using Guid(b6aba049213e51e4fb6c1549e4b994df) Importer(815301076,1909f56bfc062723c751e8b465ee728b)  -> (artifact id: '8d057ea7509ee5cf71da068728b67c93') in 0.060541 seconds 
========================================================================
Received Import Request.
  Time since last request: 0.943941 seconds.
  path: Assets/Core/Character/Player Hurt Flash.prefab
  artifactKey: Guid(cab2435f4b771dc49a119b9d2aa2b6ce) Importer(815301076,1909f56bfc062723c751e8b465ee728b)
Start importing Assets/Core/Character/Player Hurt Flash.prefab using Guid(cab2435f4b771dc49a119b9d2aa2b6ce) Importer(815301076,1909f56bfc062723c751e8b465ee728b)  -> (artifact id: '4391b019dea4b0d0a4cf76e7ed28f4c5') in 0.005324 seconds 
========================================================================
Received Import Request.
  Time since last request: 3.729387 seconds.
  path: Assets/Effects/Explosions/Rock Impact.prefab
  artifactKey: Guid(acc118949b61e03489fb9bd2bb150553) Importer(815301076,1909f56bfc062723c751e8b465ee728b)
Start importing Assets/Effects/Explosions/Rock Impact.prefab using Guid(acc118949b61e03489fb9bd2bb150553) Importer(815301076,1909f56bfc062723c751e8b465ee728b)  -> (artifact id: 'e8acf57403eb05ca2e5f8d31543b2a45') in 0.006532 seconds 
========================================================================
Received Import Request.
  Time since last request: 1.974189 seconds.
  path: Assets/Effects/Smoke/YellowSmoke.prefab
  artifactKey: Guid(2d4f539cdf8ca4345836920bb689fd12) Importer(815301076,1909f56bfc062723c751e8b465ee728b)
Start importing Assets/Effects/Smoke/YellowSmoke.prefab using Guid(2d4f539cdf8ca4345836920bb689fd12) Importer(815301076,1909f56bfc062723c751e8b465ee728b)  -> (artifact id: '49d9ad92af09e1975e13bc77d8f8cb7d') in 0.007352 seconds 
========================================================================
Received Import Request.
  Time since last request: 2.034073 seconds.
  path: Assets/Effects/Smoke/YellowSmokeLair.prefab
  artifactKey: Guid(c2541698fc1ff7945b7da636d50b2d2f) Importer(815301076,1909f56bfc062723c751e8b465ee728b)
Start importing Assets/Effects/Smoke/YellowSmokeLair.prefab using Guid(c2541698fc1ff7945b7da636d50b2d2f) Importer(815301076,1909f56bfc062723c751e8b465ee728b)  -> (artifact id: '13325246cc79015cc953d5e87ba4602d') in 0.007086 seconds 
========================================================================
Received Import Request.
  Time since last request: 1.580032 seconds.
  path: Assets/Effects/Smoke/BlackSmokeContinuous.prefab
  artifactKey: Guid(919763a89cbeba94fb534425f121569b) Importer(815301076,1909f56bfc062723c751e8b465ee728b)
Start importing Assets/Effects/Smoke/BlackSmokeContinuous.prefab using Guid(919763a89cbeba94fb534425f121569b) Importer(815301076,1909f56bfc062723c751e8b465ee728b)  -> (artifact id: '1ef808920d55cc93faa49a37fd83b0fa') in 0.007225 seconds 
========================================================================
Received Import Request.
  Time since last request: 1.043657 seconds.
  path: Assets/Effects/Smoke/BlackSmokeDeath.prefab
  artifactKey: Guid(f913cd63ac2e9314c84567669f7b3a0f) Importer(815301076,1909f56bfc062723c751e8b465ee728b)
Start importing Assets/Effects/Smoke/BlackSmokeDeath.prefab using Guid(f913cd63ac2e9314c84567669f7b3a0f) Importer(815301076,1909f56bfc062723c751e8b465ee728b)  -> (artifact id: '336a9cdae41a5f34a02b878d85b7d4b3') in 0.006502 seconds 
========================================================================
Received Import Request.
  Time since last request: 1.059652 seconds.
  path: Assets/Effects/Smoke/DustSmokeCloud.prefab
  artifactKey: Guid(d1fd011a74530544c84f549a494bf449) Importer(815301076,1909f56bfc062723c751e8b465ee728b)
Start importing Assets/Effects/Smoke/DustSmokeCloud.prefab using Guid(d1fd011a74530544c84f549a494bf449) Importer(815301076,1909f56bfc062723c751e8b465ee728b)  -> (artifact id: '35d3382fa1d5a144f9977bded2beeaeb') in 0.007220 seconds 
========================================================================
Received Import Request.
  Time since last request: 15.144873 seconds.
  path: Assets/Effects/Orange/Orange Boss Bleeding.prefab
  artifactKey: Guid(6b719ea77a6d83843b170507c7333a7c) Importer(815301076,1909f56bfc062723c751e8b465ee728b)
Start importing Assets/Effects/Orange/Orange Boss Bleeding.prefab using Guid(6b719ea77a6d83843b170507c7333a7c) Importer(815301076,1909f56bfc062723c751e8b465ee728b)  -> (artifact id: 'c7ae06bc8d3413dc2362d9cf0e9529b2') in 0.009411 seconds 
========================================================================
Received Import Request.
  Time since last request: 2.072778 seconds.
  path: Assets/Effects/Orange/Orange Boss Death.prefab
  artifactKey: Guid(8e07d73b1080951408e6e474cf243f0c) Importer(815301076,1909f56bfc062723c751e8b465ee728b)
Start importing Assets/Effects/Orange/Orange Boss Death.prefab using Guid(8e07d73b1080951408e6e474cf243f0c) Importer(815301076,1909f56bfc062723c751e8b465ee728b)  -> (artifact id: '2914b4552d0138a1dce4b1e09eac9fca') in 0.007692 seconds 
========================================================================
Received Import Request.
  Time since last request: 1.575364 seconds.
  path: Assets/Effects/Orange/Orange Explosion Big.prefab
  artifactKey: Guid(617388664acd68a4db97396da60830b6) Importer(815301076,1909f56bfc062723c751e8b465ee728b)
Start importing Assets/Effects/Orange/Orange Explosion Big.prefab using Guid(617388664acd68a4db97396da60830b6) Importer(815301076,1909f56bfc062723c751e8b465ee728b)  -> (artifact id: '6d1ba4ce716ae27bc282f6aa30a975da') in 0.006370 seconds 
========================================================================
Received Import Request.
  Time since last request: 3.226902 seconds.
  path: Assets/Effects/Sparks/LaserSparks.prefab
  artifactKey: Guid(cf21d8a743789054da9eb0342bd8b4fb) Importer(815301076,1909f56bfc062723c751e8b465ee728b)
Start importing Assets/Effects/Sparks/LaserSparks.prefab using Guid(cf21d8a743789054da9eb0342bd8b4fb) Importer(815301076,1909f56bfc062723c751e8b465ee728b)  -> (artifact id: '83efb78bd848dcc9962dd91da3c3043d') in 0.008106 seconds 
========================================================================
Received Import Request.
  Time since last request: 0.964491 seconds.
  path: Assets/Effects/Smoke/LandingSnow.prefab
  artifactKey: Guid(63060e5708055f0439a162857ccc38d9) Importer(815301076,1909f56bfc062723c751e8b465ee728b)
Start importing Assets/Effects/Smoke/LandingSnow.prefab using Guid(63060e5708055f0439a162857ccc38d9) Importer(815301076,1909f56bfc062723c751e8b465ee728b)  -> (artifact id: 'cc13a2d648985bdbcf178b3fee933208') in 0.005922 seconds 
========================================================================
Received Import Request.
  Time since last request: 0.338686 seconds.
  path: Assets/Effects/Smoke/LandingSmoke.prefab
  artifactKey: Guid(bdb859e9353f86049bf322f669156bb8) Importer(815301076,1909f56bfc062723c751e8b465ee728b)
Start importing Assets/Effects/Smoke/LandingSmoke.prefab using Guid(bdb859e9353f86049bf322f669156bb8) Importer(815301076,1909f56bfc062723c751e8b465ee728b)  -> (artifact id: 'e0e0ab4c0ffc1f928ba0dbc301d2f48c') in 0.007482 seconds 
========================================================================
Received Import Request.
  Time since last request: 0.932858 seconds.
  path: Assets/Effects/Smoke/GhostlySmoke.prefab
  artifactKey: Guid(b866fd1157fd5eb42beffb34642da0f0) Importer(815301076,1909f56bfc062723c751e8b465ee728b)
Start importing Assets/Effects/Smoke/GhostlySmoke.prefab using Guid(b866fd1157fd5eb42beffb34642da0f0) Importer(815301076,1909f56bfc062723c751e8b465ee728b)  -> (artifact id: '48864ab9812adaab0424b7b9c64f7dcb') in 0.007163 seconds 
========================================================================
Received Import Request.
  Time since last request: 0.403352 seconds.
  path: Assets/Core/Bosses/FalseKnight/False Knight Sprite.prefab
  artifactKey: Guid(afc326e2bcb93ee4cbb7cf8d2ae9b097) Importer(815301076,1909f56bfc062723c751e8b465ee728b)
Start importing Assets/Core/Bosses/FalseKnight/False Knight Sprite.prefab using Guid(afc326e2bcb93ee4cbb7cf8d2ae9b097) Importer(815301076,1909f56bfc062723c751e8b465ee728b)  -> (artifact id: '7a359c2132286861fc0195770bca0ea3') in 0.034084 seconds 
========================================================================
Received Import Request.
  Time since last request: 5.270270 seconds.
  path: Assets/Core/Bosses/FalseKnight/Sprites/fk-idle.png
  artifactKey: Guid(bbcc3383f36e88041ae1aac345e68cbc) Importer(815301076,1909f56bfc062723c751e8b465ee728b)
Start importing Assets/Core/Bosses/FalseKnight/Sprites/fk-idle.png using Guid(bbcc3383f36e88041ae1aac345e68cbc) Importer(815301076,1909f56bfc062723c751e8b465ee728b)  -> (artifact id: '181ba1b4ab0826fec727869e449a3dad') in 0.047636 seconds 
========================================================================
Received Import Request.
  Time since last request: 11.764349 seconds.
  path: Assets/Plugins/Pixelplacement/Surge/Spline/Resources/Anchor.prefab
  artifactKey: Guid(547111b175c2e4cb2a897b91a214e96a) Importer(815301076,1909f56bfc062723c751e8b465ee728b)
Start importing Assets/Plugins/Pixelplacement/Surge/Spline/Resources/Anchor.prefab using Guid(547111b175c2e4cb2a897b91a214e96a) Importer(815301076,1909f56bfc062723c751e8b465ee728b)  -> (artifact id: 'fccde52e310a08b78a8854b90709d26e') in 0.011067 seconds 
========================================================================
Received Import Request.
  Time since last request: 0.000037 seconds.
  path: Packages/com.unity.2d.spriteshape/Editor/ObjectMenuCreation/DefaultAssets/Sprite Shapes/Open Sprite Shape.prefab
  artifactKey: Guid(86ae7de409eb54f619fb1328e4d42480) Importer(815301076,1909f56bfc062723c751e8b465ee728b)
Start importing Packages/com.unity.2d.spriteshape/Editor/ObjectMenuCreation/DefaultAssets/Sprite Shapes/Open Sprite Shape.prefab using Guid(86ae7de409eb54f619fb1328e4d42480) Importer(815301076,1909f56bfc062723c751e8b465ee728b)  -> (artifact id: '72c3e92764c6bed96e1b6f88333ee7ec') in 0.006856 seconds 
========================================================================
Received Import Request.
  Time since last request: 0.000059 seconds.
  path: Assets/Effects/Orange/Orange Explosion Tiny.prefab
  artifactKey: Guid(239e015986adf244db85e68f4bdefbff) Importer(815301076,1909f56bfc062723c751e8b465ee728b)
Start importing Assets/Effects/Orange/Orange Explosion Tiny.prefab using Guid(239e015986adf244db85e68f4bdefbff) Importer(815301076,1909f56bfc062723c751e8b465ee728b)  -> (artifact id: 'a031632b2aa28a1724e524125a434b18') in 0.007044 seconds 
========================================================================
Received Import Request.
  Time since last request: 0.000069 seconds.
  path: Assets/Effects/Orange/Orange Explosion Small.prefab
  artifactKey: Guid(0b423862f2a24714d85d03367b52df85) Importer(815301076,1909f56bfc062723c751e8b465ee728b)
Start importing Assets/Effects/Orange/Orange Explosion Small.prefab using Guid(0b423862f2a24714d85d03367b52df85) Importer(815301076,1909f56bfc062723c751e8b465ee728b)  -> (artifact id: '83669dba6846d9ab0e7de88fc6070fde') in 0.007707 seconds 
========================================================================
Received Import Request.
  Time since last request: 8.954539 seconds.
  path: Assets/Effects/Sparks/SparkBurst.prefab
  artifactKey: Guid(605ee9d7fb5772d43adf3fc7c679c000) Importer(815301076,1909f56bfc062723c751e8b465ee728b)
Start importing Assets/Effects/Sparks/SparkBurst.prefab using Guid(605ee9d7fb5772d43adf3fc7c679c000) Importer(815301076,1909f56bfc062723c751e8b465ee728b)  -> (artifact id: 'd33c3b5f786dbd5baa42d3e69545f637') in 0.008056 seconds 
========================================================================
Received Import Request.
  Time since last request: 0.127974 seconds.
  path: Assets/Effects/Sparks/SparkBurst_Large.prefab
  artifactKey: Guid(33e40bf1c9cf70e469cb7788ab7509a8) Importer(815301076,1909f56bfc062723c751e8b465ee728b)
Start importing Assets/Effects/Sparks/SparkBurst_Large.prefab using Guid(33e40bf1c9cf70e469cb7788ab7509a8) Importer(815301076,1909f56bfc062723c751e8b465ee728b)  -> (artifact id: '8fa3859cad2a3b6406f231acd83c3d35') in 0.006669 seconds 
========================================================================
Received Import Request.
  Time since last request: 1.039842 seconds.
  path: Assets/Effects/Debris/Stone Debris Small.prefab
  artifactKey: Guid(214c65505bc1caa489f1fcbfd6b0c980) Importer(815301076,1909f56bfc062723c751e8b465ee728b)
Start importing Assets/Effects/Debris/Stone Debris Small.prefab using Guid(214c65505bc1caa489f1fcbfd6b0c980) Importer(815301076,1909f56bfc062723c751e8b465ee728b)  -> (artifact id: '997bc5700d0288ff12b8a02397600392') in 0.006900 seconds 
========================================================================
Received Import Request.
  Time since last request: 0.000045 seconds.
  path: Assets/Effects/Explosions/Weapon Impact.prefab
  artifactKey: Guid(8fbed873f1be056428a5bb5a3089cb63) Importer(815301076,1909f56bfc062723c751e8b465ee728b)
Start importing Assets/Effects/Explosions/Weapon Impact.prefab using Guid(8fbed873f1be056428a5bb5a3089cb63) Importer(815301076,1909f56bfc062723c751e8b465ee728b)  -> (artifact id: '23020b5e98fd50b26933041d88f293e4') in 0.006990 seconds 
========================================================================
Received Import Request.
  Time since last request: 0.000061 seconds.
  path: Assets/Effects/Explosions/White Explosion.prefab
  artifactKey: Guid(ee4929a2a53c8bd48a6defe3284e796b) Importer(815301076,1909f56bfc062723c751e8b465ee728b)
Start importing Assets/Effects/Explosions/White Explosion.prefab using Guid(ee4929a2a53c8bd48a6defe3284e796b) Importer(815301076,1909f56bfc062723c751e8b465ee728b)  -> (artifact id: 'cd320af87e3c3d59c3813f65f68fe02f') in 0.005703 seconds 
========================================================================
Received Import Request.
  Time since last request: 0.000058 seconds.
  path: Assets/Effects/Smoke/VultureTransitionSmoke.prefab
  artifactKey: Guid(c86277b98f983bf4b9ba619c2ebf03ed) Importer(815301076,1909f56bfc062723c751e8b465ee728b)
Start importing Assets/Effects/Smoke/VultureTransitionSmoke.prefab using Guid(c86277b98f983bf4b9ba619c2ebf03ed) Importer(815301076,1909f56bfc062723c751e8b465ee728b)  -> (artifact id: '38030fcd834ded38816fef01648fcf93') in 0.006482 seconds 
========================================================================
Received Import Request.
  Time since last request: 33.881158 seconds.
  path: Assets/Core/UI/hurt-flash.png
  artifactKey: Guid(d59a346c3b76b8b43b96764168f6bf6d) Importer(815301076,1909f56bfc062723c751e8b465ee728b)
Start importing Assets/Core/UI/hurt-flash.png using Guid(d59a346c3b76b8b43b96764168f6bf6d) Importer(815301076,1909f56bfc062723c751e8b465ee728b)  -> (artifact id: 'b1c7a9b045c95419926330255a3fbacb') in 0.010385 seconds 
========================================================================
Received Prepare
Registering precompiled user dll's ...
Registered in 0.001481 seconds.
Begin MonoManager ReloadAssembly
Thread 0x16c1c3000 may have been prematurely finalized
Native extension for OSXStandalone target not found
Refreshing native plugins compatible for Editor in 0.38 ms, found 3 plugins.
Preloading 0 native plugins for Editor in 0.00 ms.
Mono: successfully reloaded assembly
- Completed reload, in  0.530 seconds
Domain Reload Profiling:
	ReloadAssembly (530ms)
		BeginReloadAssembly (66ms)
			ExecutionOrderSort (0ms)
			DisableScriptedObjects (3ms)
			BackupInstance (0ms)
			ReleaseScriptingObjects (0ms)
			CreateAndSetChildDomain (21ms)
		EndReloadAssembly (406ms)
			LoadAssemblies (32ms)
			RebuildTransferFunctionScriptingTraits (0ms)
			SetupTypeCache (129ms)
			ReleaseScriptCaches (1ms)
			RebuildScriptCaches (31ms)
			SetupLoadedEditorAssemblies (182ms)
				LogAssemblyErrors (0ms)
				InitializePlatformSupportModulesInManaged (5ms)
				SetLoadedEditorAssemblies (0ms)
				RefreshPlugins (0ms)
				BeforeProcessingInitializeOnLoad (32ms)
				ProcessInitializeOnLoadAttributes (122ms)
				ProcessInitializeOnLoadMethodAttributes (22ms)
				AfterProcessingInitializeOnLoad (1ms)
				EditorAssembliesLoaded (0ms)
			ExecutionOrderSort2 (0ms)
			AwakeInstancesAfterBackupRestoration (4ms)
Platform modules already initialized, skipping
Refreshing native plugins compatible for Editor in 0.95 ms, found 3 plugins.
Preloading 0 native plugins for Editor in 0.00 ms.
Unloading 3095 Unused Serialized files (Serialized files now loaded: 0)
Unloading 24 unused Assets / (22.1 KB). Loaded Objects now: 3745.
Memory consumption went from 259.1 MB to 259.1 MB.
Total: 2.380875 ms (FindLiveObjects: 0.123958 ms CreateObjectMapping: 0.038459 ms MarkObjects: 2.204125 ms  DeleteObjects: 0.013417 ms)

AssetImportParameters requested are different than current active one (requested -> active):
  custom:video-decoder-ogg-theora: a1e56fd34408186e4bbccfd4996cb3dc -> 
  custom:container-muxer-webm: aa71ff27fc2769a1b78a27578f13a17b -> 
  custom:container-demuxer-webm: 4f35f7cbe854078d1ac9338744f61a02 -> 
  custom:video-encoder-webm-vp8: eb34c28f22e8b96e1ab97ce403110664 -> 
  custom:framework-osx-AVFoundation: e770b220cccbd017edd2c1fefb359320 -> 
  custom:audio-encoder-webm-vorbis: bf7c407c2cedff20999df2af8eb42d56 -> 
  custom:container-demuxer-ogg: 62fdf1f143b41e24485cea50d1cbac27 -> 
  custom:video-decoder-webm-vp8: 9c59270c3fd7afecdb556c50c9e8de78 -> 
  custom:audio-decoder-ogg-vorbis: bf7c407c2cedff20999df2af8eb42d56 -> 
========================================================================
Received Prepare
Registering precompiled user dll's ...
Registered in 0.001900 seconds.
Begin MonoManager ReloadAssembly
Thread 0x16bc4b000 may have been prematurely finalized
Native extension for OSXStandalone target not found
Refreshing native plugins compatible for Editor in 0.36 ms, found 3 plugins.
Preloading 0 native plugins for Editor in 0.00 ms.
Mono: successfully reloaded assembly
- Completed reload, in  0.524 seconds
Domain Reload Profiling:
	ReloadAssembly (524ms)
		BeginReloadAssembly (65ms)
			ExecutionOrderSort (0ms)
			DisableScriptedObjects (4ms)
			BackupInstance (0ms)
			ReleaseScriptingObjects (0ms)
			CreateAndSetChildDomain (20ms)
		EndReloadAssembly (404ms)
			LoadAssemblies (31ms)
			RebuildTransferFunctionScriptingTraits (0ms)
			SetupTypeCache (124ms)
			ReleaseScriptCaches (1ms)
			RebuildScriptCaches (30ms)
			SetupLoadedEditorAssemblies (185ms)
				LogAssemblyErrors (0ms)
				InitializePlatformSupportModulesInManaged (4ms)
				SetLoadedEditorAssemblies (0ms)
				RefreshPlugins (0ms)
				BeforeProcessingInitializeOnLoad (32ms)
				ProcessInitializeOnLoadAttributes (127ms)
				ProcessInitializeOnLoadMethodAttributes (20ms)
				AfterProcessingInitializeOnLoad (1ms)
				EditorAssembliesLoaded (0ms)
			ExecutionOrderSort2 (0ms)
			AwakeInstancesAfterBackupRestoration (4ms)
Platform modules already initialized, skipping
Refreshing native plugins compatible for Editor in 0.85 ms, found 3 plugins.
Preloading 0 native plugins for Editor in 0.00 ms.
Unloading 3095 Unused Serialized files (Serialized files now loaded: 0)
Unloading 24 unused Assets / (22.1 KB). Loaded Objects now: 3748.
Memory consumption went from 259.4 MB to 259.4 MB.
Total: 2.257875 ms (FindLiveObjects: 0.117292 ms CreateObjectMapping: 0.036708 ms MarkObjects: 2.090250 ms  DeleteObjects: 0.012750 ms)

AssetImportParameters requested are different than current active one (requested -> active):
  custom:video-decoder-ogg-theora: a1e56fd34408186e4bbccfd4996cb3dc -> 
  custom:container-muxer-webm: aa71ff27fc2769a1b78a27578f13a17b -> 
  custom:container-demuxer-webm: 4f35f7cbe854078d1ac9338744f61a02 -> 
  custom:video-encoder-webm-vp8: eb34c28f22e8b96e1ab97ce403110664 -> 
  custom:framework-osx-AVFoundation: e770b220cccbd017edd2c1fefb359320 -> 
  custom:audio-encoder-webm-vorbis: bf7c407c2cedff20999df2af8eb42d56 -> 
  custom:container-demuxer-ogg: 62fdf1f143b41e24485cea50d1cbac27 -> 
  custom:video-decoder-webm-vp8: 9c59270c3fd7afecdb556c50c9e8de78 -> 
  custom:audio-decoder-ogg-vorbis: bf7c407c2cedff20999df2af8eb42d56 -> 
========================================================================
Received Import Request.
  Time since last request: 328.707328 seconds.
  path: Assets/Effects/circle-blur.png
  artifactKey: Guid(bdfef986857c0c94583cb2989f342961) Importer(815301076,1909f56bfc062723c751e8b465ee728b)
Start importing Assets/Effects/circle-blur.png using Guid(bdfef986857c0c94583cb2989f342961) Importer(815301076,1909f56bfc062723c751e8b465ee728b)  -> (artifact id: '3b001aaa554a26df05f2b5a45ac4e53c') in 0.040959 seconds 
========================================================================
Received Import Request.
  Time since last request: 0.000046 seconds.
  path: Assets/Effects/particle-solid-bubble.png
  artifactKey: Guid(c9a53d5c4c67b614c93c9cee4f140915) Importer(815301076,1909f56bfc062723c751e8b465ee728b)
Start importing Assets/Effects/particle-solid-bubble.png using Guid(c9a53d5c4c67b614c93c9cee4f140915) Importer(815301076,1909f56bfc062723c751e8b465ee728b)  -> (artifact id: 'f9371b5a01601038541ed90fe627e146') in 0.050073 seconds 
========================================================================
Received Import Request.
  Time since last request: 0.000044 seconds.
  path: Assets/Effects/particle-light-blur.png
  artifactKey: Guid(be52296fcd115b74e8701a19cfdd4cfd) Importer(815301076,1909f56bfc062723c751e8b465ee728b)
Start importing Assets/Effects/particle-light-blur.png using Guid(be52296fcd115b74e8701a19cfdd4cfd) Importer(815301076,1909f56bfc062723c751e8b465ee728b)  -> (artifact id: '3863ce675748a7d3b939b65a0f673008') in 0.015668 seconds 
========================================================================
Received Import Request.
  Time since last request: 0.000055 seconds.
  path: Assets/Effects/particle-bubble.png
  artifactKey: Guid(f3f0655a7ee927c4eb435ee379628b0c) Importer(815301076,1909f56bfc062723c751e8b465ee728b)
Start importing Assets/Effects/particle-bubble.png using Guid(f3f0655a7ee927c4eb435ee379628b0c) Importer(815301076,1909f56bfc062723c751e8b465ee728b)  -> (artifact id: 'b6cef8b1e83c13eb4c116f47324edfb6') in 0.051982 seconds 
========================================================================
Received Import Request.
  Time since last request: 0.000074 seconds.
  path: Assets/Effects/particle-blur.png
  artifactKey: Guid(34360572fce9ea146a7a94e4a0fce283) Importer(815301076,1909f56bfc062723c751e8b465ee728b)
Start importing Assets/Effects/particle-blur.png using Guid(34360572fce9ea146a7a94e4a0fce283) Importer(815301076,1909f56bfc062723c751e8b465ee728b)  -> (artifact id: 'b7c3058734c4c72a12f079d3317b1c33') in 0.097606 seconds 
========================================================================
Received Import Request.
  Time since last request: 0.000052 seconds.
  path: Assets/Effects/particle-debris-1.png
  artifactKey: Guid(40cfb4a66d529cb4db0a3c54be7e8544) Importer(815301076,1909f56bfc062723c751e8b465ee728b)
Start importing Assets/Effects/particle-debris-1.png using Guid(40cfb4a66d529cb4db0a3c54be7e8544) Importer(815301076,1909f56bfc062723c751e8b465ee728b)  -> (artifact id: '66d0699b7d74a46d8b3405ca7cd818f8') in 0.006499 seconds 
========================================================================
Received Import Request.
  Time since last request: 1.939056 seconds.
  path: Assets/Effects/ParticleBubble.mat
  artifactKey: Guid(f582a49025a9e1b4e85afc6fb6bf1ae6) Importer(815301076,1909f56bfc062723c751e8b465ee728b)
Start importing Assets/Effects/ParticleBubble.mat using Guid(f582a49025a9e1b4e85afc6fb6bf1ae6) Importer(815301076,1909f56bfc062723c751e8b465ee728b)  -> (artifact id: '869ccb1f061aef691777eb080968c290') in 0.041662 seconds 
========================================================================
Received Import Request.
  Time since last request: 1.275191 seconds.
  path: Assets/Effects/Sprite White.mat
  artifactKey: Guid(d28059583e1a40249ad8daa3586d8028) Importer(815301076,1909f56bfc062723c751e8b465ee728b)
Start importing Assets/Effects/Sprite White.mat using Guid(d28059583e1a40249ad8daa3586d8028) Importer(815301076,1909f56bfc062723c751e8b465ee728b)  -> (artifact id: 'e7bc867d2959dcee4094794d990e870b') in 0.018285 seconds 
========================================================================
Received Import Request.
  Time since last request: 4.403016 seconds.
  path: Assets/Textures/blank.png
  artifactKey: Guid(832b9c1939675834992a6ad8d343bcb1) Importer(815301076,1909f56bfc062723c751e8b465ee728b)
Start importing Assets/Textures/blank.png using Guid(832b9c1939675834992a6ad8d343bcb1) Importer(815301076,1909f56bfc062723c751e8b465ee728b)  -> (artifact id: '92e5578505a384290ab7c782c0da664e') in 0.016467 seconds 
========================================================================
Received Import Request.
  Time since last request: 19.367434 seconds.
  path: Assets/Core/Bosses/FalseKnight/Animations
  artifactKey: Guid(b26140bf137981843b99d54c856fcfb9) Importer(815301076,1909f56bfc062723c751e8b465ee728b)
Start importing Assets/Core/Bosses/FalseKnight/Animations using Guid(b26140bf137981843b99d54c856fcfb9) Importer(815301076,1909f56bfc062723c751e8b465ee728b)  -> (artifact id: '4151ffb7ce768bf4350589e93b81182a') in 0.000726 seconds 
========================================================================
Received Import Request.
  Time since last request: 1.712175 seconds.
  path: Assets/Core/Bosses/FalseKnight/Sprites/fk-attack-anticipate.png
  artifactKey: Guid(9027d5b096734214f83813b2c92988ac) Importer(815301076,1909f56bfc062723c751e8b465ee728b)
Start importing Assets/Core/Bosses/FalseKnight/Sprites/fk-attack-anticipate.png using Guid(9027d5b096734214f83813b2c92988ac) Importer(815301076,1909f56bfc062723c751e8b465ee728b)  -> (artifact id: '69c481dbd6099d72acea821f9628f0bf') in 0.057686 seconds 
========================================================================
Received Import Request.
  Time since last request: 0.000064 seconds.
  path: Assets/Core/Bosses/FalseKnight/Sprites/fk-maggot-hit.png
  artifactKey: Guid(ae9dd29b4c4eb814694dce4f684e2101) Importer(815301076,1909f56bfc062723c751e8b465ee728b)
Start importing Assets/Core/Bosses/FalseKnight/Sprites/fk-maggot-hit.png using Guid(ae9dd29b4c4eb814694dce4f684e2101) Importer(815301076,1909f56bfc062723c751e8b465ee728b)  -> (artifact id: 'b8ad36cbefb3a3a3add61e323b6299de') in 0.013266 seconds 
========================================================================
Received Import Request.
  Time since last request: 0.000065 seconds.
  path: Assets/Core/Bosses/FalseKnight/Sprites/fk-attack.png
  artifactKey: Guid(10f32e7c819bd1f4c97626c88ecd0163) Importer(815301076,1909f56bfc062723c751e8b465ee728b)
Start importing Assets/Core/Bosses/FalseKnight/Sprites/fk-attack.png using Guid(10f32e7c819bd1f4c97626c88ecd0163) Importer(815301076,1909f56bfc062723c751e8b465ee728b)  -> (artifact id: '902b9ce63cc4420cb3fb18fd85dbcacb') in 0.064329 seconds 
========================================================================
Received Import Request.
  Time since last request: 0.000047 seconds.
  path: Assets/Core/Bosses/FalseKnight/Sprites/fk-maggot-idle.png
  artifactKey: Guid(1b8eada8033e11c479f044af8a213500) Importer(815301076,1909f56bfc062723c751e8b465ee728b)
Start importing Assets/Core/Bosses/FalseKnight/Sprites/fk-maggot-idle.png using Guid(1b8eada8033e11c479f044af8a213500) Importer(815301076,1909f56bfc062723c751e8b465ee728b)  -> (artifact id: 'c5f0e1fd81836aed1b8b1c2d072404c7') in 0.017690 seconds 
========================================================================
Received Import Request.
  Time since last request: 0.000056 seconds.
  path: Assets/Core/Bosses/FalseKnight/Sprites/fk-run.png
  artifactKey: Guid(c7a25a4345242cb4ba04d571427e24cd) Importer(815301076,1909f56bfc062723c751e8b465ee728b)
Start importing Assets/Core/Bosses/FalseKnight/Sprites/fk-run.png using Guid(c7a25a4345242cb4ba04d571427e24cd) Importer(815301076,1909f56bfc062723c751e8b465ee728b)  -> (artifact id: 'c2a945b6b1c9238b53f38d77792c65a6') in 0.031396 seconds 
========================================================================
Received Import Request.
  Time since last request: 0.000038 seconds.
  path: Assets/Core/Bosses/FalseKnight/Sprites/fk-jump.png
  artifactKey: Guid(6dd78363cb939bb4f991ae93a195553e) Importer(815301076,1909f56bfc062723c751e8b465ee728b)
Start importing Assets/Core/Bosses/FalseKnight/Sprites/fk-jump.png using Guid(6dd78363cb939bb4f991ae93a195553e) Importer(815301076,1909f56bfc062723c751e8b465ee728b)  -> (artifact id: 'ab46daa1a23585dc1c7f5e4e565464ab') in 0.065483 seconds 
========================================================================
Received Import Request.
  Time since last request: 0.000055 seconds.
  path: Assets/Core/Bosses/FalseKnight/Sprites/fk-jump-attack.png
  artifactKey: Guid(db040669001b6c847a1312cd9759a576) Importer(815301076,1909f56bfc062723c751e8b465ee728b)
Start importing Assets/Core/Bosses/FalseKnight/Sprites/fk-jump-attack.png using Guid(db040669001b6c847a1312cd9759a576) Importer(815301076,1909f56bfc062723c751e8b465ee728b)  -> (artifact id: '4b379b208d559adf4f32f040fb4ba09c') in 0.047383 seconds 
========================================================================
Received Import Request.
  Time since last request: 14.406565 seconds.
  path: Assets/Core/Bosses/FalseKnight/Animations/FK-Idle.anim
  artifactKey: Guid(093dd8b852eb8904c83de0a91747ceab) Importer(815301076,1909f56bfc062723c751e8b465ee728b)
Start importing Assets/Core/Bosses/FalseKnight/Animations/FK-Idle.anim using Guid(093dd8b852eb8904c83de0a91747ceab) Importer(815301076,1909f56bfc062723c751e8b465ee728b)  -> (artifact id: '88877a1a4679169b9b8a065403e067a1') in 0.001572 seconds 
========================================================================
Received Import Request.
  Time since last request: 1.200855 seconds.
  path: Assets/Core/Bosses/FalseKnight/Animations/FK-Attack.anim
  artifactKey: Guid(77575df3037ee504ab6f1c2ccfd940c1) Importer(815301076,1909f56bfc062723c751e8b465ee728b)
Start importing Assets/Core/Bosses/FalseKnight/Animations/FK-Attack.anim using Guid(77575df3037ee504ab6f1c2ccfd940c1) Importer(815301076,1909f56bfc062723c751e8b465ee728b)  -> (artifact id: '44ec951966a7bdfdc56402146408d390') in 0.002206 seconds 
========================================================================
Received Import Request.
  Time since last request: 1.152566 seconds.
  path: Assets/Core/Bosses/FalseKnight/Animations/FK-Attack-Anticipate.anim
  artifactKey: Guid(38f6b56eb539cf746a0e70b5da61b4da) Importer(815301076,1909f56bfc062723c751e8b465ee728b)
Start importing Assets/Core/Bosses/FalseKnight/Animations/FK-Attack-Anticipate.anim using Guid(38f6b56eb539cf746a0e70b5da61b4da) Importer(815301076,1909f56bfc062723c751e8b465ee728b)  -> (artifact id: 'e0c0a8290a39a03e9ecca6414eef48c8') in 0.002099 seconds 
========================================================================
Received Import Request.
  Time since last request: 165.573773 seconds.
  path: Assets/Core/Environment/boss-arena-01-fg.png
  artifactKey: Guid(ad4e5850b5d85fb4581268e8ce1a9ef8) Importer(815301076,1909f56bfc062723c751e8b465ee728b)
Start importing Assets/Core/Environment/boss-arena-01-fg.png using Guid(ad4e5850b5d85fb4581268e8ce1a9ef8) Importer(815301076,1909f56bfc062723c751e8b465ee728b)  -> (artifact id: '1c5bad1744f9f6230afd5287327d168d') in 0.047086 seconds 
========================================================================
Received Import Request.
  Time since last request: 1.616063 seconds.
  path: Assets/Core/UI/Postamt SDF.asset
  artifactKey: Guid(eb88b576c5986524a8583649154524ad) Importer(815301076,1909f56bfc062723c751e8b465ee728b)
Start importing Assets/Core/UI/Postamt SDF.asset using Guid(eb88b576c5986524a8583649154524ad) Importer(815301076,1909f56bfc062723c751e8b465ee728b)  -> (artifact id: 'bba7257473c5eac4de8defb3ffc860c3') in 0.101442 seconds 
========================================================================
Received Import Request.
  Time since last request: 0.000057 seconds.
  path: Assets/Core/UI/UIMatMultiply.mat
  artifactKey: Guid(1fe48b6268f8e044b8d810734e2e3a03) Importer(815301076,1909f56bfc062723c751e8b465ee728b)
Start importing Assets/Core/UI/UIMatMultiply.mat using Guid(1fe48b6268f8e044b8d810734e2e3a03) Importer(815301076,1909f56bfc062723c751e8b465ee728b)  -> (artifact id: '47a96f51876f7b51df0c451097c121bc') in 0.037783 seconds 
========================================================================
Received Import Request.
  Time since last request: 0.000062 seconds.
  path: Assets/Core/UI/vignette.png
  artifactKey: Guid(9fcd6e63a79085748937a98e0ca82e3c) Importer(815301076,1909f56bfc062723c751e8b465ee728b)
Start importing Assets/Core/UI/vignette.png using Guid(9fcd6e63a79085748937a98e0ca82e3c) Importer(815301076,1909f56bfc062723c751e8b465ee728b)  -> (artifact id: '31b1862b9ab390c65f571b61d9524cb7') in 0.102132 seconds 
========================================================================
Received Import Request.
  Time since last request: 5.698836 seconds.
  path: Assets/Effects/Debris/debris01.png
  artifactKey: Guid(447a5b67732585a4ca84eb04098a81c0) Importer(815301076,1909f56bfc062723c751e8b465ee728b)
Start importing Assets/Effects/Debris/debris01.png using Guid(447a5b67732585a4ca84eb04098a81c0) Importer(815301076,1909f56bfc062723c751e8b465ee728b)  -> (artifact id: 'c5790309b3ca864500a1dc5619bbf2d3') in 0.016599 seconds 
========================================================================
Received Import Request.
  Time since last request: 2.404919 seconds.
  path: Assets/Effects/Smoke/0_6_smoke.TGA
  artifactKey: Guid(6a272c54f3d8b574a939806ef337f3b7) Importer(815301076,1909f56bfc062723c751e8b465ee728b)
Start importing Assets/Effects/Smoke/0_6_smoke.TGA using Guid(6a272c54f3d8b574a939806ef337f3b7) Importer(815301076,1909f56bfc062723c751e8b465ee728b)  -> (artifact id: '418f4327f949461c17b2f5f699246174') in 0.664806 seconds 
========================================================================
Received Import Request.
  Time since last request: 0.890752 seconds.
  path: Assets/Effects/Sparks/particle_spark.png
  artifactKey: Guid(9700b13636fbbf34aa5c162c70047c1c) Importer(815301076,1909f56bfc062723c751e8b465ee728b)
Start importing Assets/Effects/Sparks/particle_spark.png using Guid(9700b13636fbbf34aa5c162c70047c1c) Importer(815301076,1909f56bfc062723c751e8b465ee728b)  -> (artifact id: 'ffe984c6c70fe86f43371ead2d370a83') in 0.016521 seconds 
========================================================================
Received Import Request.
  Time since last request: 0.000090 seconds.
  path: Assets/Effects/Sparks/sparkle_256px.png
  artifactKey: Guid(c11071a4f085de144a861045d3cc3749) Importer(815301076,1909f56bfc062723c751e8b465ee728b)
Start importing Assets/Effects/Sparks/sparkle_256px.png using Guid(c11071a4f085de144a861045d3cc3749) Importer(815301076,1909f56bfc062723c751e8b465ee728b)  -> (artifact id: '3107a913267355c1621afde19906b6a0') in 0.031589 seconds 
========================================================================
Received Import Request.
  Time since last request: 1432.557696 seconds.
  path: Assets/Plugins/Demigiant/DOTween/Modules/DOTween.Modules.asmdef
  artifactKey: Guid(45a93d7b267e83c4eaa5ed0b7e2015d2) Importer(815301076,1909f56bfc062723c751e8b465ee728b)
Start importing Assets/Plugins/Demigiant/DOTween/Modules/DOTween.Modules.asmdef using Guid(45a93d7b267e83c4eaa5ed0b7e2015d2) Importer(815301076,1909f56bfc062723c751e8b465ee728b)  -> (artifact id: 'fd5c28b0161c28bdd4faec506f7ce2d9') in 0.027548 seconds 
========================================================================
Received Import Request.
  Time since last request: 3.201172 seconds.
  path: Assets/Core/AI/Shared/EnemyAction.cs
  artifactKey: Guid(7b0c682a16a84935a565381511f4644c) Importer(815301076,1909f56bfc062723c751e8b465ee728b)
Start importing Assets/Core/AI/Shared/EnemyAction.cs using Guid(7b0c682a16a84935a565381511f4644c) Importer(815301076,1909f56bfc062723c751e8b465ee728b)  -> (artifact id: '3f46560838318192883677abb7d25634') in 0.137429 seconds 
========================================================================
Received Import Request.
  Time since last request: 344.187058 seconds.
  path: Assets/Core/Combat/AttackAnimatorEvents.cs
  artifactKey: Guid(971e5e0516e64d0f93889a623e01a3ca) Importer(815301076,1909f56bfc062723c751e8b465ee728b)
Start importing Assets/Core/Combat/AttackAnimatorEvents.cs using Guid(971e5e0516e64d0f93889a623e01a3ca) Importer(815301076,1909f56bfc062723c751e8b465ee728b)  -> (artifact id: 'e04f3df90a52466024198382d7020b2d') in 0.001362 seconds 
