Unity Editor version:    2021.3.5f1c1 (23e20ff61267)
Branch:                  2021.3/china_unity/release
Build type:              Release
Batch mode:              YES
macOS version:           Version 12.1 (Build 21C52)
Darwin version:          21.2.0
Architecture:            arm64
Running under Rosetta:   NO
Available memory:        32768 MB
Using pre-set license
Pro License: YES

COMMAND LINE ARGUMENTS:
/Applications/Unity/Hub/Editor/2021.3.5f1c1/Unity.app/Contents/MacOS/Unity
-adb2
-batchMode
-noUpm
-name
AssetImportWorker1
-projectPath
/Users/liyang/work/project/HollowKnightTutorial_UnityBaseProject
-logFile
Logs/AssetImportWorker1.log
-srvPort
51968
Successfully changed project path to: /Users/liyang/work/project/HollowKnightTutorial_UnityBaseProject
/Users/liyang/work/project/HollowKnightTutorial_UnityBaseProject
[UnityMemory] Configuration Parameters - Can be set up in boot.config
    "memorysetup-bucket-allocator-granularity=16"
    "memorysetup-bucket-allocator-bucket-count=8"
    "memorysetup-bucket-allocator-block-size=33554432"
    "memorysetup-bucket-allocator-block-count=8"
    "memorysetup-main-allocator-block-size=16777216"
    "memorysetup-thread-allocator-block-size=16777216"
    "memorysetup-gfx-main-allocator-block-size=16777216"
    "memorysetup-gfx-thread-allocator-block-size=16777216"
    "memorysetup-cache-allocator-block-size=4194304"
    "memorysetup-typetree-allocator-block-size=2097152"
    "memorysetup-profiler-bucket-allocator-granularity=16"
    "memorysetup-profiler-bucket-allocator-bucket-count=8"
    "memorysetup-profiler-bucket-allocator-block-size=33554432"
    "memorysetup-profiler-bucket-allocator-block-count=8"
    "memorysetup-profiler-allocator-block-size=16777216"
    "memorysetup-profiler-editor-allocator-block-size=1048576"
    "memorysetup-temp-allocator-size-main=16777216"
    "memorysetup-job-temp-allocator-block-size=2097152"
    "memorysetup-job-temp-allocator-block-size-background=1048576"
    "memorysetup-job-temp-allocator-reduction-small-platforms=262144"
    "memorysetup-temp-allocator-size-background-worker=32768"
    "memorysetup-temp-allocator-size-job-worker=262144"
    "memorysetup-temp-allocator-size-preload-manager=33554432"
    "memorysetup-temp-allocator-size-nav-mesh-worker=65536"
    "memorysetup-temp-allocator-size-audio-worker=65536"
    "memorysetup-temp-allocator-size-cloud-worker=32768"
    "memorysetup-temp-allocator-size-gi-baking-worker=262144"
    "memorysetup-temp-allocator-size-gfx=262144"
AS: AutoStreaming module initializing.
Refreshing native plugins compatible for Editor in 39.28 ms, found 3 plugins.
Preloading 0 native plugins for Editor in 0.00 ms.
Initialize engine version: 2021.3.5f1c1 (23e20ff61267)
[Subsystems] Discovering subsystems at path /Applications/Unity/Hub/Editor/2021.3.5f1c1/Unity.app/Contents/Resources/UnitySubsystems
[Subsystems] Discovering subsystems at path /Users/liyang/work/project/HollowKnightTutorial_UnityBaseProject/Assets
GfxDevice: creating device client; threaded=0; jobified=0
 preferred device: Apple M1 Pro (high power)
Metal devices available: 1
0: Apple M1 Pro (high power)
Using device Apple M1 Pro (high power)
Initializing Metal device caps: Apple M1 Pro
Shader 'TextMeshPro/Distance Field': fallback shader 'TextMeshPro/Mobile/Distance Field' not found
Shader 'TextMeshPro/Distance Field SSD': fallback shader 'TextMeshPro/Mobile/Distance Field' not found
Shader 'TextMeshPro/Distance Field Overlay': fallback shader 'TextMeshPro/Mobile/Distance Field' not found
Initialize mono
Mono path[0] = '/Applications/Unity/Hub/Editor/2021.3.5f1c1/Unity.app/Contents/Managed'
Mono path[1] = '/Applications/Unity/Hub/Editor/2021.3.5f1c1/Unity.app/Contents/MonoBleedingEdge/lib/mono/unityjit-macos'
Mono config path = '/Applications/Unity/Hub/Editor/2021.3.5f1c1/Unity.app/Contents/MonoBleedingEdge/etc'
Using monoOptions --debugger-agent=transport=dt_socket,embedding=1,server=y,suspend=n,address=127.0.0.1:56461
Begin MonoManager ReloadAssembly
Registering precompiled unity dll's ...
Register platform support module: /Applications/Unity/Hub/Editor/2021.3.5f1c1/Unity.app/Contents/PlaybackEngines/MacStandaloneSupport/UnityEditor.OSXStandalone.Extensions.dll
Registered in 0.001784 seconds.
Native extension for OSXStandalone target not found
Refreshing native plugins compatible for Editor in 36.76 ms, found 3 plugins.
Preloading 0 native plugins for Editor in 0.00 ms.
Mono: successfully reloaded assembly
- Completed reload, in  0.360 seconds
Domain Reload Profiling:
	ReloadAssembly (361ms)
		BeginReloadAssembly (44ms)
			ExecutionOrderSort (0ms)
			DisableScriptedObjects (0ms)
			BackupInstance (0ms)
			ReleaseScriptingObjects (0ms)
			CreateAndSetChildDomain (0ms)
		EndReloadAssembly (250ms)
			LoadAssemblies (44ms)
			RebuildTransferFunctionScriptingTraits (0ms)
			SetupTypeCache (66ms)
			ReleaseScriptCaches (0ms)
			RebuildScriptCaches (18ms)
			SetupLoadedEditorAssemblies (139ms)
				LogAssemblyErrors (0ms)
				InitializePlatformSupportModulesInManaged (3ms)
				SetLoadedEditorAssemblies (0ms)
				RefreshPlugins (37ms)
				BeforeProcessingInitializeOnLoad (1ms)
				ProcessInitializeOnLoadAttributes (74ms)
				ProcessInitializeOnLoadMethodAttributes (24ms)
				AfterProcessingInitializeOnLoad (0ms)
				EditorAssembliesLoaded (0ms)
			ExecutionOrderSort2 (0ms)
			AwakeInstancesAfterBackupRestoration (0ms)
Platform modules already initialized, skipping
Registering precompiled user dll's ...
Registered in 0.002114 seconds.
Begin MonoManager ReloadAssembly
Native extension for OSXStandalone target not found
Refreshing native plugins compatible for Editor in 36.13 ms, found 3 plugins.
Preloading 0 native plugins for Editor in 0.00 ms.
Mono: successfully reloaded assembly
- Completed reload, in  0.590 seconds
Domain Reload Profiling:
	ReloadAssembly (591ms)
		BeginReloadAssembly (53ms)
			ExecutionOrderSort (0ms)
			DisableScriptedObjects (3ms)
			BackupInstance (0ms)
			ReleaseScriptingObjects (0ms)
			CreateAndSetChildDomain (11ms)
		EndReloadAssembly (469ms)
			LoadAssemblies (40ms)
			RebuildTransferFunctionScriptingTraits (0ms)
			SetupTypeCache (128ms)
			ReleaseScriptCaches (0ms)
			RebuildScriptCaches (35ms)
			SetupLoadedEditorAssemblies (235ms)
				LogAssemblyErrors (0ms)
				InitializePlatformSupportModulesInManaged (2ms)
				SetLoadedEditorAssemblies (0ms)
				RefreshPlugins (36ms)
				BeforeProcessingInitializeOnLoad (44ms)
				ProcessInitializeOnLoadAttributes (129ms)
				ProcessInitializeOnLoadMethodAttributes (23ms)
				AfterProcessingInitializeOnLoad (1ms)
				EditorAssembliesLoaded (0ms)
			ExecutionOrderSort2 (0ms)
			AwakeInstancesAfterBackupRestoration (2ms)
Platform modules already initialized, skipping
========================================================================
Worker process is ready to serve import requests
Launching external process: /Applications/Unity/Hub/Editor/2021.3.5f1c1/Unity.app/Contents/Tools/UnityShaderCompiler
Launched and connected shader compiler UnityShaderCompiler after 0.04 seconds
Refreshing native plugins compatible for Editor in 0.39 ms, found 3 plugins.
Preloading 0 native plugins for Editor in 0.00 ms.
Unloading 3123 Unused Serialized files (Serialized files now loaded: 0)
Unloading 37 unused Assets / (43.2 KB). Loaded Objects now: 3612.
Memory consumption went from 233.8 MB to 233.8 MB.
Total: 2.294625 ms (FindLiveObjects: 0.124500 ms CreateObjectMapping: 0.043000 ms MarkObjects: 2.061292 ms  DeleteObjects: 0.065084 ms)

AssetImportParameters requested are different than current active one (requested -> active):
  custom:video-decoder-ogg-theora: a1e56fd34408186e4bbccfd4996cb3dc -> 
  custom:container-muxer-webm: aa71ff27fc2769a1b78a27578f13a17b -> 
  custom:container-demuxer-webm: 4f35f7cbe854078d1ac9338744f61a02 -> 
  custom:video-encoder-webm-vp8: eb34c28f22e8b96e1ab97ce403110664 -> 
  custom:framework-osx-AVFoundation: e770b220cccbd017edd2c1fefb359320 -> 
  custom:audio-encoder-webm-vorbis: bf7c407c2cedff20999df2af8eb42d56 -> 
  custom:container-demuxer-ogg: 62fdf1f143b41e24485cea50d1cbac27 -> 
  custom:video-decoder-webm-vp8: 9c59270c3fd7afecdb556c50c9e8de78 -> 
  custom:audio-decoder-ogg-vorbis: bf7c407c2cedff20999df2af8eb42d56 -> 
========================================================================
Received Prepare
Registering precompiled user dll's ...
Registered in 0.001991 seconds.
Begin MonoManager ReloadAssembly
Thread 0x28c2ab000 may have been prematurely finalized
Native extension for OSXStandalone target not found
Refreshing native plugins compatible for Editor in 0.41 ms, found 3 plugins.
Preloading 0 native plugins for Editor in 0.00 ms.
Mono: successfully reloaded assembly
- Completed reload, in  0.533 seconds
Domain Reload Profiling:
	ReloadAssembly (534ms)
		BeginReloadAssembly (66ms)
			ExecutionOrderSort (0ms)
			DisableScriptedObjects (4ms)
			BackupInstance (0ms)
			ReleaseScriptingObjects (0ms)
			CreateAndSetChildDomain (21ms)
		EndReloadAssembly (411ms)
			LoadAssemblies (30ms)
			RebuildTransferFunctionScriptingTraits (0ms)
			SetupTypeCache (128ms)
			ReleaseScriptCaches (1ms)
			RebuildScriptCaches (31ms)
			SetupLoadedEditorAssemblies (185ms)
				LogAssemblyErrors (0ms)
				InitializePlatformSupportModulesInManaged (5ms)
				SetLoadedEditorAssemblies (0ms)
				RefreshPlugins (0ms)
				BeforeProcessingInitializeOnLoad (32ms)
				ProcessInitializeOnLoadAttributes (123ms)
				ProcessInitializeOnLoadMethodAttributes (23ms)
				AfterProcessingInitializeOnLoad (1ms)
				EditorAssembliesLoaded (0ms)
			ExecutionOrderSort2 (0ms)
			AwakeInstancesAfterBackupRestoration (4ms)
Platform modules already initialized, skipping
Refreshing native plugins compatible for Editor in 0.87 ms, found 3 plugins.
Preloading 0 native plugins for Editor in 0.00 ms.
Unloading 3095 Unused Serialized files (Serialized files now loaded: 0)
Unloading 24 unused Assets / (22.0 KB). Loaded Objects now: 3615.
Memory consumption went from 231.6 MB to 231.6 MB.
Total: 2.249042 ms (FindLiveObjects: 0.107625 ms CreateObjectMapping: 0.037792 ms MarkObjects: 2.089291 ms  DeleteObjects: 0.013542 ms)

AssetImportParameters requested are different than current active one (requested -> active):
  custom:video-decoder-ogg-theora: a1e56fd34408186e4bbccfd4996cb3dc -> 
  custom:container-muxer-webm: aa71ff27fc2769a1b78a27578f13a17b -> 
  custom:container-demuxer-webm: 4f35f7cbe854078d1ac9338744f61a02 -> 
  custom:video-encoder-webm-vp8: eb34c28f22e8b96e1ab97ce403110664 -> 
  custom:framework-osx-AVFoundation: e770b220cccbd017edd2c1fefb359320 -> 
  custom:audio-encoder-webm-vorbis: bf7c407c2cedff20999df2af8eb42d56 -> 
  custom:container-demuxer-ogg: 62fdf1f143b41e24485cea50d1cbac27 -> 
  custom:video-decoder-webm-vp8: 9c59270c3fd7afecdb556c50c9e8de78 -> 
  custom:audio-decoder-ogg-vorbis: bf7c407c2cedff20999df2af8eb42d56 -> 
========================================================================
Received Prepare
Registering precompiled user dll's ...
Registered in 0.001349 seconds.
Begin MonoManager ReloadAssembly
Thread 0x17c997000 may have been prematurely finalized
Native extension for OSXStandalone target not found
Refreshing native plugins compatible for Editor in 0.43 ms, found 3 plugins.
Preloading 0 native plugins for Editor in 0.00 ms.
Mono: successfully reloaded assembly
- Completed reload, in  0.558 seconds
Domain Reload Profiling:
	ReloadAssembly (559ms)
		BeginReloadAssembly (77ms)
			ExecutionOrderSort (0ms)
			DisableScriptedObjects (5ms)
			BackupInstance (0ms)
			ReleaseScriptingObjects (0ms)
			CreateAndSetChildDomain (28ms)
		EndReloadAssembly (421ms)
			LoadAssemblies (33ms)
			RebuildTransferFunctionScriptingTraits (0ms)
			SetupTypeCache (136ms)
			ReleaseScriptCaches (1ms)
			RebuildScriptCaches (31ms)
			SetupLoadedEditorAssemblies (189ms)
				LogAssemblyErrors (0ms)
				InitializePlatformSupportModulesInManaged (6ms)
				SetLoadedEditorAssemblies (0ms)
				RefreshPlugins (0ms)
				BeforeProcessingInitializeOnLoad (34ms)
				ProcessInitializeOnLoadAttributes (124ms)
				ProcessInitializeOnLoadMethodAttributes (23ms)
				AfterProcessingInitializeOnLoad (1ms)
				EditorAssembliesLoaded (0ms)
			ExecutionOrderSort2 (0ms)
			AwakeInstancesAfterBackupRestoration (4ms)
Platform modules already initialized, skipping
Refreshing native plugins compatible for Editor in 0.95 ms, found 3 plugins.
Preloading 0 native plugins for Editor in 0.00 ms.
Unloading 3095 Unused Serialized files (Serialized files now loaded: 0)
Unloading 24 unused Assets / (22.0 KB). Loaded Objects now: 3618.
Memory consumption went from 232.1 MB to 232.1 MB.
Total: 2.443375 ms (FindLiveObjects: 0.119000 ms CreateObjectMapping: 0.037250 ms MarkObjects: 2.248792 ms  DeleteObjects: 0.037750 ms)

AssetImportParameters requested are different than current active one (requested -> active):
  custom:video-decoder-ogg-theora: a1e56fd34408186e4bbccfd4996cb3dc -> 
  custom:container-muxer-webm: aa71ff27fc2769a1b78a27578f13a17b -> 
  custom:container-demuxer-webm: 4f35f7cbe854078d1ac9338744f61a02 -> 
  custom:video-encoder-webm-vp8: eb34c28f22e8b96e1ab97ce403110664 -> 
  custom:framework-osx-AVFoundation: e770b220cccbd017edd2c1fefb359320 -> 
  custom:audio-encoder-webm-vorbis: bf7c407c2cedff20999df2af8eb42d56 -> 
  custom:container-demuxer-ogg: 62fdf1f143b41e24485cea50d1cbac27 -> 
  custom:video-decoder-webm-vp8: 9c59270c3fd7afecdb556c50c9e8de78 -> 
  custom:audio-decoder-ogg-vorbis: bf7c407c2cedff20999df2af8eb42d56 -> 
========================================================================
Received Import Request.
  Time since last request: 33009.505430 seconds.
  path: Assets/Effects/Smoke/ParticleSmokeNew Additive.mat
  artifactKey: Guid(e6a444236151eec40946be3814234c1e) Importer(815301076,1909f56bfc062723c751e8b465ee728b)
Start importing Assets/Effects/Smoke/ParticleSmokeNew Additive.mat using Guid(e6a444236151eec40946be3814234c1e) Importer(815301076,1909f56bfc062723c751e8b465ee728b)  -> (artifact id: '9b14e0c696b6aa4714c54decf328a6c1') in 0.538539 seconds 
========================================================================
Received Import Request.
  Time since last request: 3.009581 seconds.
  path: Assets/Effects/Smoke/ParticleSmokeNew Multiply.mat
  artifactKey: Guid(e881423d918cc4245912be75e306855d) Importer(815301076,1909f56bfc062723c751e8b465ee728b)
Start importing Assets/Effects/Smoke/ParticleSmokeNew Multiply.mat using Guid(e881423d918cc4245912be75e306855d) Importer(815301076,1909f56bfc062723c751e8b465ee728b)  -> (artifact id: '7113b59e5667f5448edb1fe21d58278f') in 0.046122 seconds 
========================================================================
Received Import Request.
  Time since last request: 8.683642 seconds.
  path: Assets/Effects/Debris/ParticleDebris Multiply.mat
  artifactKey: Guid(87aef4c68f1fc3947aeebaabf95c1cc8) Importer(815301076,1909f56bfc062723c751e8b465ee728b)
Start importing Assets/Effects/Debris/ParticleDebris Multiply.mat using Guid(87aef4c68f1fc3947aeebaabf95c1cc8) Importer(815301076,1909f56bfc062723c751e8b465ee728b)  -> (artifact id: '2bbfd070a756328d6c9e89eab6f18add') in 0.005652 seconds 
========================================================================
Received Import Request.
  Time since last request: 26.559816 seconds.
  path: Assets/Effects/ParticleSolidBubble.mat
  artifactKey: Guid(e72936e70a320be4f9868be0f4c5149d) Importer(815301076,1909f56bfc062723c751e8b465ee728b)
Start importing Assets/Effects/ParticleSolidBubble.mat using Guid(e72936e70a320be4f9868be0f4c5149d) Importer(815301076,1909f56bfc062723c751e8b465ee728b)  -> (artifact id: 'ec33c983280c264f1aa4d2c748056b35') in 0.005564 seconds 
========================================================================
Received Import Request.
  Time since last request: 3.227716 seconds.
  path: Assets/Effects/ParticleAdditiveDefault.mat
  artifactKey: Guid(804b41ad6a075c34dbff1ef09f0c8d33) Importer(815301076,1909f56bfc062723c751e8b465ee728b)
Start importing Assets/Effects/ParticleAdditiveDefault.mat using Guid(804b41ad6a075c34dbff1ef09f0c8d33) Importer(815301076,1909f56bfc062723c751e8b465ee728b)  -> (artifact id: '626039a70bdb87d5e5d2eb847779e035') in 0.007468 seconds 
========================================================================
Received Import Request.
  Time since last request: 0.965506 seconds.
  path: Assets/Effects/Smoke/ParticleSmoke 1.mat
  artifactKey: Guid(ae7275fe6c0f1cc4c810b7be8858ef73) Importer(815301076,1909f56bfc062723c751e8b465ee728b)
Start importing Assets/Effects/Smoke/ParticleSmoke 1.mat using Guid(ae7275fe6c0f1cc4c810b7be8858ef73) Importer(815301076,1909f56bfc062723c751e8b465ee728b)  -> (artifact id: 'f9a2a6e15e6000812941f018e0c16adb') in 0.005814 seconds 
========================================================================
Received Import Request.
  Time since last request: 18.815753 seconds.
  path: Packages/com.unity.2d.spriteshape/Editor/ObjectMenuCreation/DefaultAssets/Sprite Shapes/Closed Sprite Shape.prefab
  artifactKey: Guid(c0583b4e855c74b8c82e7b9b5efb5ce9) Importer(815301076,1909f56bfc062723c751e8b465ee728b)
Start importing Packages/com.unity.2d.spriteshape/Editor/ObjectMenuCreation/DefaultAssets/Sprite Shapes/Closed Sprite Shape.prefab using Guid(c0583b4e855c74b8c82e7b9b5efb5ce9) Importer(815301076,1909f56bfc062723c751e8b465ee728b)  -> (artifact id: '5a66079e542eedbbaae99b137e487c75') in 0.072539 seconds 
========================================================================
Received Import Request.
  Time since last request: 9.059786 seconds.
  path: Assets/Effects/Debris/Stone Debris Fountain.prefab
  artifactKey: Guid(6461ee24f1511e243b0c7bca6ad64863) Importer(815301076,1909f56bfc062723c751e8b465ee728b)
Start importing Assets/Effects/Debris/Stone Debris Fountain.prefab using Guid(6461ee24f1511e243b0c7bca6ad64863) Importer(815301076,1909f56bfc062723c751e8b465ee728b)  -> (artifact id: '3de930350a8e91c75bf4e097a31fd6d9') in 0.010032 seconds 
========================================================================
Received Import Request.
  Time since last request: 1.036539 seconds.
  path: Assets/Effects/Smoke/SulfurSmoke.prefab
  artifactKey: Guid(0deb9f4997791ad4487fccc7f590053a) Importer(815301076,1909f56bfc062723c751e8b465ee728b)
Start importing Assets/Effects/Smoke/SulfurSmoke.prefab using Guid(0deb9f4997791ad4487fccc7f590053a) Importer(815301076,1909f56bfc062723c751e8b465ee728b)  -> (artifact id: 'ac66fd8aa49d3db8aec453994184c486') in 0.015253 seconds 
========================================================================
Received Import Request.
  Time since last request: 0.000051 seconds.
  path: Assets/Effects/Slash/VFX/Effects/Sword Slash.prefab
  artifactKey: Guid(39a3a55a62d49004d979995918e1d952) Importer(815301076,1909f56bfc062723c751e8b465ee728b)
Start importing Assets/Effects/Slash/VFX/Effects/Sword Slash.prefab using Guid(39a3a55a62d49004d979995918e1d952) Importer(815301076,1909f56bfc062723c751e8b465ee728b)  -> (artifact id: '6450198fffccb4d76732a16378d6d45b') in 0.010688 seconds 
========================================================================
Received Prepare
Registering precompiled user dll's ...
Registered in 0.001513 seconds.
Begin MonoManager ReloadAssembly
Thread 0x17cac7000 may have been prematurely finalized
Native extension for OSXStandalone target not found
Refreshing native plugins compatible for Editor in 0.39 ms, found 3 plugins.
Preloading 0 native plugins for Editor in 0.00 ms.
Mono: successfully reloaded assembly
- Completed reload, in  0.545 seconds
Domain Reload Profiling:
	ReloadAssembly (545ms)
		BeginReloadAssembly (67ms)
			ExecutionOrderSort (0ms)
			DisableScriptedObjects (3ms)
			BackupInstance (0ms)
			ReleaseScriptingObjects (0ms)
			CreateAndSetChildDomain (22ms)
		EndReloadAssembly (421ms)
			LoadAssemblies (31ms)
			RebuildTransferFunctionScriptingTraits (0ms)
			SetupTypeCache (130ms)
			ReleaseScriptCaches (1ms)
			RebuildScriptCaches (33ms)
			SetupLoadedEditorAssemblies (188ms)
				LogAssemblyErrors (0ms)
				InitializePlatformSupportModulesInManaged (5ms)
				SetLoadedEditorAssemblies (0ms)
				RefreshPlugins (0ms)
				BeforeProcessingInitializeOnLoad (35ms)
				ProcessInitializeOnLoadAttributes (122ms)
				ProcessInitializeOnLoadMethodAttributes (23ms)
				AfterProcessingInitializeOnLoad (1ms)
				EditorAssembliesLoaded (0ms)
			ExecutionOrderSort2 (0ms)
			AwakeInstancesAfterBackupRestoration (4ms)
Platform modules already initialized, skipping
Refreshing native plugins compatible for Editor in 0.92 ms, found 3 plugins.
Preloading 0 native plugins for Editor in 0.00 ms.
Unloading 3095 Unused Serialized files (Serialized files now loaded: 0)
Unloading 24 unused Assets / (21.9 KB). Loaded Objects now: 3662.
Memory consumption went from 246.2 MB to 246.2 MB.
Total: 2.283792 ms (FindLiveObjects: 0.128334 ms CreateObjectMapping: 0.039916 ms MarkObjects: 2.099792 ms  DeleteObjects: 0.015125 ms)

AssetImportParameters requested are different than current active one (requested -> active):
  custom:video-decoder-ogg-theora: a1e56fd34408186e4bbccfd4996cb3dc -> 
  custom:container-muxer-webm: aa71ff27fc2769a1b78a27578f13a17b -> 
  custom:container-demuxer-webm: 4f35f7cbe854078d1ac9338744f61a02 -> 
  custom:video-encoder-webm-vp8: eb34c28f22e8b96e1ab97ce403110664 -> 
  custom:framework-osx-AVFoundation: e770b220cccbd017edd2c1fefb359320 -> 
  custom:audio-encoder-webm-vorbis: bf7c407c2cedff20999df2af8eb42d56 -> 
  custom:container-demuxer-ogg: 62fdf1f143b41e24485cea50d1cbac27 -> 
  custom:video-decoder-webm-vp8: 9c59270c3fd7afecdb556c50c9e8de78 -> 
  custom:audio-decoder-ogg-vorbis: bf7c407c2cedff20999df2af8eb42d56 -> 
========================================================================
Received Prepare
Registering precompiled user dll's ...
Registered in 0.001922 seconds.
Begin MonoManager ReloadAssembly
Thread 0x16b94b000 may have been prematurely finalized
Native extension for OSXStandalone target not found
Refreshing native plugins compatible for Editor in 0.32 ms, found 3 plugins.
Preloading 0 native plugins for Editor in 0.00 ms.
Mono: successfully reloaded assembly
- Completed reload, in  0.518 seconds
Domain Reload Profiling:
	ReloadAssembly (518ms)
		BeginReloadAssembly (66ms)
			ExecutionOrderSort (0ms)
			DisableScriptedObjects (4ms)
			BackupInstance (0ms)
			ReleaseScriptingObjects (0ms)
			CreateAndSetChildDomain (21ms)
		EndReloadAssembly (395ms)
			LoadAssemblies (29ms)
			RebuildTransferFunctionScriptingTraits (0ms)
			SetupTypeCache (125ms)
			ReleaseScriptCaches (1ms)
			RebuildScriptCaches (30ms)
			SetupLoadedEditorAssemblies (179ms)
				LogAssemblyErrors (0ms)
				InitializePlatformSupportModulesInManaged (5ms)
				SetLoadedEditorAssemblies (0ms)
				RefreshPlugins (0ms)
				BeforeProcessingInitializeOnLoad (31ms)
				ProcessInitializeOnLoadAttributes (118ms)
				ProcessInitializeOnLoadMethodAttributes (23ms)
				AfterProcessingInitializeOnLoad (1ms)
				EditorAssembliesLoaded (0ms)
			ExecutionOrderSort2 (0ms)
			AwakeInstancesAfterBackupRestoration (4ms)
Platform modules already initialized, skipping
Refreshing native plugins compatible for Editor in 0.91 ms, found 3 plugins.
Preloading 0 native plugins for Editor in 0.00 ms.
Unloading 3095 Unused Serialized files (Serialized files now loaded: 0)
Unloading 24 unused Assets / (23.0 KB). Loaded Objects now: 3665.
Memory consumption went from 246.4 MB to 246.4 MB.
Total: 2.327334 ms (FindLiveObjects: 0.110125 ms CreateObjectMapping: 0.038083 ms MarkObjects: 2.160750 ms  DeleteObjects: 0.017875 ms)

AssetImportParameters requested are different than current active one (requested -> active):
  custom:video-decoder-ogg-theora: a1e56fd34408186e4bbccfd4996cb3dc -> 
  custom:container-muxer-webm: aa71ff27fc2769a1b78a27578f13a17b -> 
  custom:container-demuxer-webm: 4f35f7cbe854078d1ac9338744f61a02 -> 
  custom:video-encoder-webm-vp8: eb34c28f22e8b96e1ab97ce403110664 -> 
  custom:framework-osx-AVFoundation: e770b220cccbd017edd2c1fefb359320 -> 
  custom:audio-encoder-webm-vorbis: bf7c407c2cedff20999df2af8eb42d56 -> 
  custom:container-demuxer-ogg: 62fdf1f143b41e24485cea50d1cbac27 -> 
  custom:video-decoder-webm-vp8: 9c59270c3fd7afecdb556c50c9e8de78 -> 
  custom:audio-decoder-ogg-vorbis: bf7c407c2cedff20999df2af8eb42d56 -> 
========================================================================
Received Import Request.
  Time since last request: 362.611445 seconds.
  path: Assets/Effects/circle.png
  artifactKey: Guid(14f98c298107a92449be4a2e11237e82) Importer(815301076,1909f56bfc062723c751e8b465ee728b)
Start importing Assets/Effects/circle.png using Guid(14f98c298107a92449be4a2e11237e82) Importer(815301076,1909f56bfc062723c751e8b465ee728b)  -> (artifact id: '935770aa4d0dd546165762fb94fa6f3d') in 0.412662 seconds 
========================================================================
Received Import Request.
  Time since last request: 1.800176 seconds.
  path: Assets/Effects/ParticleCircle Additive.mat
  artifactKey: Guid(968b1ff15192c6f49a3dd94d64b209e5) Importer(815301076,1909f56bfc062723c751e8b465ee728b)
Start importing Assets/Effects/ParticleCircle Additive.mat using Guid(968b1ff15192c6f49a3dd94d64b209e5) Importer(815301076,1909f56bfc062723c751e8b465ee728b)  -> (artifact id: '25863b64ee39199e476ef4046d0105f5') in 0.014607 seconds 
========================================================================
Received Import Request.
  Time since last request: 0.000053 seconds.
  path: Assets/Effects/ParticleSquare.mat
  artifactKey: Guid(83b93b2d912a5a04180a66ab1d00d376) Importer(815301076,1909f56bfc062723c751e8b465ee728b)
Start importing Assets/Effects/ParticleSquare.mat using Guid(83b93b2d912a5a04180a66ab1d00d376) Importer(815301076,1909f56bfc062723c751e8b465ee728b)  -> (artifact id: '465708196fdccba0b23b1dd3ec27cc6c') in 0.005129 seconds 
========================================================================
Received Import Request.
  Time since last request: 0.000056 seconds.
  path: Assets/Effects/ParticleMultiply_Unlit.mat
  artifactKey: Guid(3f73198fe427f53459d3dd92b7c21087) Importer(815301076,1909f56bfc062723c751e8b465ee728b)
Start importing Assets/Effects/ParticleMultiply_Unlit.mat using Guid(3f73198fe427f53459d3dd92b7c21087) Importer(815301076,1909f56bfc062723c751e8b465ee728b)  -> (artifact id: '776742a402fdbe42bd4a11593084f95f') in 0.006254 seconds 
========================================================================
Received Import Request.
  Time since last request: 0.000051 seconds.
  path: Assets/Effects/ParticleCircle Multiply.mat
  artifactKey: Guid(49dd1eeff4ab31e4393e844c4fecf74f) Importer(815301076,1909f56bfc062723c751e8b465ee728b)
Start importing Assets/Effects/ParticleCircle Multiply.mat using Guid(49dd1eeff4ab31e4393e844c4fecf74f) Importer(815301076,1909f56bfc062723c751e8b465ee728b)  -> (artifact id: '508fb542d348a2ece9aca061f7004667') in 0.005840 seconds 
========================================================================
Received Import Request.
  Time since last request: 0.000043 seconds.
  path: Assets/Effects/ParticleLightBlur.mat
  artifactKey: Guid(d5c04c68597d77b48a3672a458c63df2) Importer(815301076,1909f56bfc062723c751e8b465ee728b)
Start importing Assets/Effects/ParticleLightBlur.mat using Guid(d5c04c68597d77b48a3672a458c63df2) Importer(815301076,1909f56bfc062723c751e8b465ee728b)  -> (artifact id: '61c3119aa42ed1c79afaf61ba4c3d1cc') in 0.004786 seconds 
========================================================================
Received Import Request.
  Time since last request: 26.801699 seconds.
  path: Assets/Core/Bosses/FalseKnight/Sprites/fk-attack-recover.png
  artifactKey: Guid(c4b1f825ee9aedb4d8df71f412169b4f) Importer(815301076,1909f56bfc062723c751e8b465ee728b)
Start importing Assets/Core/Bosses/FalseKnight/Sprites/fk-attack-recover.png using Guid(c4b1f825ee9aedb4d8df71f412169b4f) Importer(815301076,1909f56bfc062723c751e8b465ee728b)  -> (artifact id: '2db0ecb353620c65403050e36098ea10') in 0.054810 seconds 
========================================================================
Received Import Request.
  Time since last request: 0.000048 seconds.
  path: Assets/Core/Bosses/FalseKnight/Sprites/fk-land.png
  artifactKey: Guid(4d1e19bcf87f94c42adb1c3625f68631) Importer(815301076,1909f56bfc062723c751e8b465ee728b)
Start importing Assets/Core/Bosses/FalseKnight/Sprites/fk-land.png using Guid(4d1e19bcf87f94c42adb1c3625f68631) Importer(815301076,1909f56bfc062723c751e8b465ee728b)  -> (artifact id: '847ddef6e1ef7ffb0159012526751067') in 0.039410 seconds 
========================================================================
Received Import Request.
  Time since last request: 0.000062 seconds.
  path: Assets/Core/Bosses/FalseKnight/Sprites/fk-fireball.png
  artifactKey: Guid(87248f34324bad54f813b0133e77689d) Importer(815301076,1909f56bfc062723c751e8b465ee728b)
Start importing Assets/Core/Bosses/FalseKnight/Sprites/fk-fireball.png using Guid(87248f34324bad54f813b0133e77689d) Importer(815301076,1909f56bfc062723c751e8b465ee728b)  -> (artifact id: '9f007607856faef95ea7995e839c46c4') in 0.008884 seconds 
========================================================================
Received Import Request.
  Time since last request: 0.000039 seconds.
  path: Assets/Core/Bosses/FalseKnight/Sprites/fk-jump-attack-land.png
  artifactKey: Guid(632a92fcbd5b0ce4cb30e4906d6d0083) Importer(815301076,1909f56bfc062723c751e8b465ee728b)
Start importing Assets/Core/Bosses/FalseKnight/Sprites/fk-jump-attack-land.png using Guid(632a92fcbd5b0ce4cb30e4906d6d0083) Importer(815301076,1909f56bfc062723c751e8b465ee728b)  -> (artifact id: 'f5a69b9908701075e1d878786f7f67dd') in 0.094652 seconds 
========================================================================
Received Import Request.
  Time since last request: 0.000029 seconds.
  path: Assets/Core/Bosses/FalseKnight/Sprites/fk-roll-idle.png
  artifactKey: Guid(e0b8e6ed8149c074ab7db5e2eb1813d3) Importer(815301076,1909f56bfc062723c751e8b465ee728b)
Start importing Assets/Core/Bosses/FalseKnight/Sprites/fk-roll-idle.png using Guid(e0b8e6ed8149c074ab7db5e2eb1813d3) Importer(815301076,1909f56bfc062723c751e8b465ee728b)  -> (artifact id: '08ac5cb3621cb7b6cb37efc1d60ca93f') in 0.041830 seconds 
========================================================================
Received Import Request.
  Time since last request: 0.000066 seconds.
  path: Assets/Core/Bosses/FalseKnight/Sprites/fk-roll.png
  artifactKey: Guid(76c1d3199d6d4c345993393c4032364d) Importer(815301076,1909f56bfc062723c751e8b465ee728b)
Start importing Assets/Core/Bosses/FalseKnight/Sprites/fk-roll.png using Guid(76c1d3199d6d4c345993393c4032364d) Importer(815301076,1909f56bfc062723c751e8b465ee728b)  -> (artifact id: '15b9096e3a51c451b34dc6b24b965938') in 0.040154 seconds 
========================================================================
Received Import Request.
  Time since last request: 0.000068 seconds.
  path: Assets/Core/Bosses/FalseKnight/Sprites/fk-shockwave.png
  artifactKey: Guid(2115447b7e0d4954081a369989ad245c) Importer(815301076,1909f56bfc062723c751e8b465ee728b)
Start importing Assets/Core/Bosses/FalseKnight/Sprites/fk-shockwave.png using Guid(2115447b7e0d4954081a369989ad245c) Importer(815301076,1909f56bfc062723c751e8b465ee728b)  -> (artifact id: '2fffecaa2a1d55285340bfc9d903049f') in 0.021103 seconds 
========================================================================
Received Import Request.
  Time since last request: 182.350944 seconds.
  path: Assets/Core/Environment/boss-arena-01.png
  artifactKey: Guid(73ad8421f8aed0a409db545a78ea3070) Importer(815301076,1909f56bfc062723c751e8b465ee728b)
Start importing Assets/Core/Environment/boss-arena-01.png using Guid(73ad8421f8aed0a409db545a78ea3070) Importer(815301076,1909f56bfc062723c751e8b465ee728b)  -> (artifact id: '23f73f77b484a33242c511b34a870494') in 0.105905 seconds 
========================================================================
Received Import Request.
  Time since last request: 1.557573 seconds.
  path: Assets/Core/UI/Postamt.ttf
  artifactKey: Guid(2be70d527dd829942b23b1042d85affd) Importer(815301076,1909f56bfc062723c751e8b465ee728b)
Start importing Assets/Core/UI/Postamt.ttf using Guid(2be70d527dd829942b23b1042d85affd) Importer(815301076,1909f56bfc062723c751e8b465ee728b)  -> (artifact id: 'bf2e3e343fccd5b8515f8494200efb06') in 0.941510 seconds 
========================================================================
Received Import Request.
  Time since last request: 5.002236 seconds.
  path: Assets/Effects/Debris/ParticleDebris.mat
  artifactKey: Guid(1dc37b30bf8c62f4396aaec684bf6e0a) Importer(815301076,1909f56bfc062723c751e8b465ee728b)
Start importing Assets/Effects/Debris/ParticleDebris.mat using Guid(1dc37b30bf8c62f4396aaec684bf6e0a) Importer(815301076,1909f56bfc062723c751e8b465ee728b)  -> (artifact id: '593a146ce9a7419106372b5b508d3265') in 0.013502 seconds 
========================================================================
Received Import Request.
  Time since last request: 2.408743 seconds.
  path: Assets/Effects/Smoke/ParticleSmoke_Lit.mat
  artifactKey: Guid(2f320ac30fa688d4ebb877b351403e7e) Importer(815301076,1909f56bfc062723c751e8b465ee728b)
Start importing Assets/Effects/Smoke/ParticleSmoke_Lit.mat using Guid(2f320ac30fa688d4ebb877b351403e7e) Importer(815301076,1909f56bfc062723c751e8b465ee728b)  -> (artifact id: '643b9127a16bef91802738bce72d1198') in 0.010902 seconds 
========================================================================
Received Import Request.
  Time since last request: 0.000058 seconds.
  path: Assets/Effects/Smoke/smoke.png
  artifactKey: Guid(c40abf3b74a1ee648bb5a057277fadbb) Importer(815301076,1909f56bfc062723c751e8b465ee728b)
Start importing Assets/Effects/Smoke/smoke.png using Guid(c40abf3b74a1ee648bb5a057277fadbb) Importer(815301076,1909f56bfc062723c751e8b465ee728b)  -> (artifact id: 'd05fc303f852e98f634833ed7ccdabca') in 0.009698 seconds 
========================================================================
Received Import Request.
  Time since last request: 0.000043 seconds.
  path: Assets/Effects/Smoke/ParticleSmoke_Unlit.mat
  artifactKey: Guid(ac2b119416039ae45aeda8748f695146) Importer(815301076,1909f56bfc062723c751e8b465ee728b)
Start importing Assets/Effects/Smoke/ParticleSmoke_Unlit.mat using Guid(ac2b119416039ae45aeda8748f695146) Importer(815301076,1909f56bfc062723c751e8b465ee728b)  -> (artifact id: '7a5b8022678e33da85aa1e5b1973ada1') in 0.005517 seconds 
========================================================================
Received Import Request.
  Time since last request: 0.000050 seconds.
  path: Assets/Effects/Smoke/ParticleSmokeNew.mat
  artifactKey: Guid(7a40923b4cc790049ab049df0d704621) Importer(815301076,1909f56bfc062723c751e8b465ee728b)
Start importing Assets/Effects/Smoke/ParticleSmokeNew.mat using Guid(7a40923b4cc790049ab049df0d704621) Importer(815301076,1909f56bfc062723c751e8b465ee728b)  -> (artifact id: 'e147ba12a0a55a97c160e05d121dd807') in 0.007584 seconds 
========================================================================
Received Import Request.
  Time since last request: 1.510042 seconds.
  path: Assets/Effects/Sparks/particle_spark_a.png
  artifactKey: Guid(5e4b9708e3e285c40b8ea7e2eea03dbd) Importer(815301076,1909f56bfc062723c751e8b465ee728b)
Start importing Assets/Effects/Sparks/particle_spark_a.png using Guid(5e4b9708e3e285c40b8ea7e2eea03dbd) Importer(815301076,1909f56bfc062723c751e8b465ee728b)  -> (artifact id: '49eaf4089e01ac386923c7af5c956cd5') in 0.016286 seconds 
========================================================================
Received Import Request.
  Time since last request: 0.000072 seconds.
  path: Assets/Effects/Sparks/ParticleSpark.mat
  artifactKey: Guid(a086589f62d6d10499ad57d387c4d0e6) Importer(815301076,1909f56bfc062723c751e8b465ee728b)
Start importing Assets/Effects/Sparks/ParticleSpark.mat using Guid(a086589f62d6d10499ad57d387c4d0e6) Importer(815301076,1909f56bfc062723c751e8b465ee728b)  -> (artifact id: '6cadce96b466354f640c8b7b69bdd7fe') in 0.008058 seconds 
